<?xml version="1.0" encoding="UTF-8"?>
<robot generator="Robot 6.1.1 (Python 3.10.12 on linux)" generated="20231116 14:01:00.591" rpa="false" schemaversion="4">
<suite id="s1" name="Tests" source="/home/lehthelj/OhTu/palautusrepositorio/viikko3/hello-robot/src/tests">
<suite id="s1-s1" name="Increase Counter" source="/home/lehthelj/OhTu/palautusrepositorio/viikko3/hello-robot/src/tests/increase_counter.robot">
<test id="s1-s1-t1" name="Increase Counter Once" line="5">
<kw name="Counter Value Should Be" library="CounterLibrary">
<arg>0</arg>
<status status="PASS" starttime="20231116 14:01:00.623" endtime="20231116 14:01:00.623"/>
</kw>
<kw name="Increase Counter" library="CounterLibrary">
<status status="PASS" starttime="20231116 14:01:00.623" endtime="20231116 14:01:00.624"/>
</kw>
<kw name="Counter Value Should Be" library="CounterLibrary">
<arg>1</arg>
<status status="PASS" starttime="20231116 14:01:00.624" endtime="20231116 14:01:00.624"/>
</kw>
<status status="PASS" starttime="20231116 14:01:00.623" endtime="20231116 14:01:00.624"/>
</test>
<test id="s1-s1-t2" name="Increase Counter Many Times" line="10">
<kw name="Counter Value Should Be" library="CounterLibrary">
<arg>0</arg>
<status status="PASS" starttime="20231116 14:01:00.624" endtime="20231116 14:01:00.624"/>
</kw>
<kw name="Increase Counter" library="CounterLibrary">
<status status="PASS" starttime="20231116 14:01:00.624" endtime="20231116 14:01:00.625"/>
</kw>
<kw name="Increase Counter" library="CounterLibrary">
<status status="PASS" starttime="20231116 14:01:00.625" endtime="20231116 14:01:00.625"/>
</kw>
<kw name="Increase Counter" library="CounterLibrary">
<status status="PASS" starttime="20231116 14:01:00.625" endtime="20231116 14:01:00.625"/>
</kw>
<kw name="Counter Value Should Be" library="CounterLibrary">
<arg>3</arg>
<status status="PASS" starttime="20231116 14:01:00.625" endtime="20231116 14:01:00.625"/>
</kw>
<status status="PASS" starttime="20231116 14:01:00.624" endtime="20231116 14:01:00.625"/>
</test>
<test id="s1-s1-t3" name="Increment Counter By Amount" line="17">
<kw name="Counter Value Should Be" library="CounterLibrary">
<arg>0</arg>
<status status="PASS" starttime="20231116 14:01:00.625" endtime="20231116 14:01:00.626"/>
</kw>
<kw name="Increment Counter By" library="CounterLibrary">
<arg>5</arg>
<status status="PASS" starttime="20231116 14:01:00.626" endtime="20231116 14:01:00.626"/>
</kw>
<kw name="Counter Value Should Be" library="CounterLibrary">
<arg>5</arg>
<status status="PASS" starttime="20231116 14:01:00.626" endtime="20231116 14:01:00.626"/>
</kw>
<status status="PASS" starttime="20231116 14:01:00.625" endtime="20231116 14:01:00.626"/>
</test>
<status status="PASS" starttime="20231116 14:01:00.620" endtime="20231116 14:01:00.626"/>
</suite>
<status status="PASS" starttime="20231116 14:01:00.591" endtime="20231116 14:01:00.627"/>
</suite>
<statistics>
<total>
<stat pass="3" fail="0" skip="0">All Tests</stat>
</total>
<tag>
</tag>
<suite>
<stat pass="3" fail="0" skip="0" id="s1" name="Tests">Tests</stat>
<stat pass="3" fail="0" skip="0" id="s1-s1" name="Increase Counter">Tests.Increase Counter</stat>
</suite>
</statistics>
<errors>
</errors>
</robot>
