<?xml version="1.0" encoding="UTF-8"?>
<robot generator="Robot 6.1.1 (Python 3.10.12 on linux)" generated="20231120 17:07:00.278" rpa="false" schemaversion="4">
<suite id="s1" name="Tests" source="/home/lehthelj/OhTu/palautusrepositorio/viikko3/web-login/src/tests">
<suite id="s1-s1" name="Home" source="/home/lehthelj/OhTu/palautusrepositorio/viikko3/web-login/src/tests/home.robot">
<kw name="Open And Configure Browser" library="resource" type="SETUP">
<kw name="Evaluate" library="BuiltIn">
<var>${options}</var>
<arg>sys.modules['selenium.webdriver'].FirefoxOptions()</arg>
<arg>sys</arg>
<doc>Evaluates the given expression in Python and returns the result.</doc>
<msg timestamp="20231120 17:07:00.380" level="INFO">${options} = &lt;selenium.webdriver.firefox.options.Options object at 0x7fa734f49f60&gt;</msg>
<status status="PASS" starttime="20231120 17:07:00.379" endtime="20231120 17:07:00.380"/>
</kw>
<kw name="Call Method" library="BuiltIn">
<arg>${options}</arg>
<arg>add_argument</arg>
<arg>--no-sandbox</arg>
<doc>Calls the named method of the given object with the provided arguments.</doc>
<status status="PASS" starttime="20231120 17:07:00.380" endtime="20231120 17:07:00.380"/>
</kw>
<kw name="Open Browser" library="SeleniumLibrary">
<arg>browser=chrome</arg>
<arg>options=${options}</arg>
<doc>Opens a new browser instance to the optional ``url``.</doc>
<msg timestamp="20231120 17:07:00.380" level="INFO">Opening browser 'chrome' to base url 'None'.</msg>
<status status="PASS" starttime="20231120 17:07:00.380" endtime="20231120 17:07:02.795"/>
</kw>
<kw name="Set Selenium Speed" library="SeleniumLibrary">
<arg>${DELAY}</arg>
<doc>Sets the delay that is waited after each Selenium command.</doc>
<status status="PASS" starttime="20231120 17:07:02.795" endtime="20231120 17:07:02.795"/>
</kw>
<status status="PASS" starttime="20231120 17:07:00.379" endtime="20231120 17:07:02.795"/>
</kw>
<test id="s1-s1-t1" name="Click Login Link" line="8">
<kw name="Go To Starting Page" library="resource" type="SETUP">
<kw name="Go To" library="SeleniumLibrary">
<arg>${HOME_URL}</arg>
<doc>Navigates the current browser window to the provided ``url``.</doc>
<msg timestamp="20231120 17:07:02.796" level="INFO">Opening url 'http://localhost:5001'</msg>
<status status="PASS" starttime="20231120 17:07:02.796" endtime="20231120 17:07:02.897"/>
</kw>
<status status="PASS" starttime="20231120 17:07:02.796" endtime="20231120 17:07:02.897"/>
</kw>
<kw name="Click Link" library="SeleniumLibrary">
<arg>Login</arg>
<doc>Clicks a link identified by ``locator``.</doc>
<msg timestamp="20231120 17:07:02.898" level="INFO">Clicking link 'Login'.</msg>
<status status="PASS" starttime="20231120 17:07:02.898" endtime="20231120 17:07:02.972"/>
</kw>
<kw name="Login Page Should Be Open" library="resource">
<kw name="Title Should Be" library="SeleniumLibrary">
<arg>Login</arg>
<doc>Verifies that the current page title equals ``title``.</doc>
<msg timestamp="20231120 17:07:02.974" level="INFO">Page title is 'Login'.</msg>
<status status="PASS" starttime="20231120 17:07:02.972" endtime="20231120 17:07:02.974"/>
</kw>
<status status="PASS" starttime="20231120 17:07:02.972" endtime="20231120 17:07:02.974"/>
</kw>
<status status="PASS" starttime="20231120 17:07:02.795" endtime="20231120 17:07:02.974"/>
</test>
<test id="s1-s1-t2" name="Click Register Link" line="12">
<kw name="Go To Starting Page" library="resource" type="SETUP">
<kw name="Go To" library="SeleniumLibrary">
<arg>${HOME_URL}</arg>
<doc>Navigates the current browser window to the provided ``url``.</doc>
<msg timestamp="20231120 17:07:02.976" level="INFO">Opening url 'http://localhost:5001'</msg>
<status status="PASS" starttime="20231120 17:07:02.975" endtime="20231120 17:07:03.013"/>
</kw>
<status status="PASS" starttime="20231120 17:07:02.975" endtime="20231120 17:07:03.013"/>
</kw>
<kw name="Click Link" library="SeleniumLibrary">
<arg>Register new user</arg>
<doc>Clicks a link identified by ``locator``.</doc>
<msg timestamp="20231120 17:07:03.014" level="INFO">Clicking link 'Register new user'.</msg>
<status status="PASS" starttime="20231120 17:07:03.014" endtime="20231120 17:07:03.058"/>
</kw>
<kw name="Register Page Should Be Open" library="resource">
<kw name="Title Should Be" library="SeleniumLibrary">
<arg>Register</arg>
<doc>Verifies that the current page title equals ``title``.</doc>
<msg timestamp="20231120 17:07:03.063" level="INFO">Page title is 'Register'.</msg>
<status status="PASS" starttime="20231120 17:07:03.059" endtime="20231120 17:07:03.063"/>
</kw>
<status status="PASS" starttime="20231120 17:07:03.058" endtime="20231120 17:07:03.063"/>
</kw>
<status status="PASS" starttime="20231120 17:07:02.975" endtime="20231120 17:07:03.064"/>
</test>
<kw name="Close Browser" library="SeleniumLibrary" type="TEARDOWN">
<doc>Closes the current browser.</doc>
<status status="PASS" starttime="20231120 17:07:03.064" endtime="20231120 17:07:04.783"/>
</kw>
<status status="PASS" starttime="20231120 17:07:00.289" endtime="20231120 17:07:04.783"/>
</suite>
<suite id="s1-s2" name="Login" source="/home/lehthelj/OhTu/palautusrepositorio/viikko3/web-login/src/tests/login.robot">
<kw name="Open And Configure Browser" library="resource" type="SETUP">
<kw name="Evaluate" library="BuiltIn">
<var>${options}</var>
<arg>sys.modules['selenium.webdriver'].FirefoxOptions()</arg>
<arg>sys</arg>
<doc>Evaluates the given expression in Python and returns the result.</doc>
<msg timestamp="20231120 17:07:04.790" level="INFO">${options} = &lt;selenium.webdriver.firefox.options.Options object at 0x7fa734f4a770&gt;</msg>
<status status="PASS" starttime="20231120 17:07:04.789" endtime="20231120 17:07:04.790"/>
</kw>
<kw name="Call Method" library="BuiltIn">
<arg>${options}</arg>
<arg>add_argument</arg>
<arg>--no-sandbox</arg>
<doc>Calls the named method of the given object with the provided arguments.</doc>
<status status="PASS" starttime="20231120 17:07:04.790" endtime="20231120 17:07:04.790"/>
</kw>
<kw name="Open Browser" library="SeleniumLibrary">
<arg>browser=chrome</arg>
<arg>options=${options}</arg>
<doc>Opens a new browser instance to the optional ``url``.</doc>
<msg timestamp="20231120 17:07:04.791" level="INFO">Opening browser 'chrome' to base url 'None'.</msg>
<status status="PASS" starttime="20231120 17:07:04.790" endtime="20231120 17:07:06.871"/>
</kw>
<kw name="Set Selenium Speed" library="SeleniumLibrary">
<arg>${DELAY}</arg>
<doc>Sets the delay that is waited after each Selenium command.</doc>
<status status="PASS" starttime="20231120 17:07:06.871" endtime="20231120 17:07:06.871"/>
</kw>
<status status="PASS" starttime="20231120 17:07:04.789" endtime="20231120 17:07:06.871"/>
</kw>
<test id="s1-s2-t1" name="Login With Correct Credentials" line="8">
<kw name="Create User And Go To Login Page" type="SETUP">
<kw name="Create User" library="AppLibrary">
<arg>kalle</arg>
<arg>kalle123</arg>
<status status="PASS" starttime="20231120 17:07:06.872" endtime="20231120 17:07:06.878"/>
</kw>
<kw name="Go To Login Page" library="resource">
<kw name="Go To" library="SeleniumLibrary">
<arg>${LOGIN_URL}</arg>
<doc>Navigates the current browser window to the provided ``url``.</doc>
<msg timestamp="20231120 17:07:06.878" level="INFO">Opening url 'http://localhost:5001/login'</msg>
<status status="PASS" starttime="20231120 17:07:06.878" endtime="20231120 17:07:06.984"/>
</kw>
<status status="PASS" starttime="20231120 17:07:06.878" endtime="20231120 17:07:06.984"/>
</kw>
<kw name="Login Page Should Be Open" library="resource">
<kw name="Title Should Be" library="SeleniumLibrary">
<arg>Login</arg>
<doc>Verifies that the current page title equals ``title``.</doc>
<msg timestamp="20231120 17:07:06.991" level="INFO">Page title is 'Login'.</msg>
<status status="PASS" starttime="20231120 17:07:06.984" endtime="20231120 17:07:06.991"/>
</kw>
<status status="PASS" starttime="20231120 17:07:06.984" endtime="20231120 17:07:06.991"/>
</kw>
<status status="PASS" starttime="20231120 17:07:06.872" endtime="20231120 17:07:06.991"/>
</kw>
<kw name="Set Username">
<arg>kalle</arg>
<kw name="Input Text" library="SeleniumLibrary">
<arg>username</arg>
<arg>${username}</arg>
<doc>Types the given ``text`` into the text field identified by ``locator``.</doc>
<msg timestamp="20231120 17:07:06.992" level="INFO">Typing text 'kalle' into text field 'username'.</msg>
<status status="PASS" starttime="20231120 17:07:06.991" endtime="20231120 17:07:07.041"/>
</kw>
<status status="PASS" starttime="20231120 17:07:06.991" endtime="20231120 17:07:07.041"/>
</kw>
<kw name="Set Password">
<arg>kalle123</arg>
<kw name="Input Password" library="SeleniumLibrary">
<arg>password</arg>
<arg>${password}</arg>
<doc>Types the given password into the text field identified by ``locator``.</doc>
<msg timestamp="20231120 17:07:07.043" level="INFO">Typing password into text field 'password'.</msg>
<msg timestamp="20231120 17:07:07.048" level="INFO">Temporally setting log level to: NONE</msg>
<msg timestamp="20231120 17:07:07.052" level="INFO">Log level changed from NONE to INFO.</msg>
<status status="PASS" starttime="20231120 17:07:07.042" endtime="20231120 17:07:07.052"/>
</kw>
<status status="PASS" starttime="20231120 17:07:07.042" endtime="20231120 17:07:07.052"/>
</kw>
<kw name="Submit Credentials">
<kw name="Click Button" library="SeleniumLibrary">
<arg>Login</arg>
<doc>Clicks the button identified by ``locator``.</doc>
<msg timestamp="20231120 17:07:07.053" level="INFO">Clicking button 'Login'.</msg>
<status status="PASS" starttime="20231120 17:07:07.053" endtime="20231120 17:07:07.085"/>
</kw>
<status status="PASS" starttime="20231120 17:07:07.053" endtime="20231120 17:07:07.085"/>
</kw>
<kw name="Login Should Succeed">
<kw name="Main Page Should Be Open" library="resource">
<kw name="Title Should Be" library="SeleniumLibrary">
<arg>Ohtu Application main page</arg>
<doc>Verifies that the current page title equals ``title``.</doc>
<msg timestamp="20231120 17:07:07.089" level="INFO">Page title is 'Ohtu Application main page'.</msg>
<status status="PASS" starttime="20231120 17:07:07.085" endtime="20231120 17:07:07.089"/>
</kw>
<status status="PASS" starttime="20231120 17:07:07.085" endtime="20231120 17:07:07.089"/>
</kw>
<status status="PASS" starttime="20231120 17:07:07.085" endtime="20231120 17:07:07.089"/>
</kw>
<status status="PASS" starttime="20231120 17:07:06.871" endtime="20231120 17:07:07.089"/>
</test>
<test id="s1-s2-t2" name="Login With Incorrect Password" line="14">
<kw name="Create User And Go To Login Page" type="SETUP">
<kw name="Create User" library="AppLibrary">
<arg>kalle</arg>
<arg>kalle123</arg>
<status status="PASS" starttime="20231120 17:07:07.090" endtime="20231120 17:07:07.096"/>
</kw>
<kw name="Go To Login Page" library="resource">
<kw name="Go To" library="SeleniumLibrary">
<arg>${LOGIN_URL}</arg>
<doc>Navigates the current browser window to the provided ``url``.</doc>
<msg timestamp="20231120 17:07:07.097" level="INFO">Opening url 'http://localhost:5001/login'</msg>
<status status="PASS" starttime="20231120 17:07:07.097" endtime="20231120 17:07:07.152"/>
</kw>
<status status="PASS" starttime="20231120 17:07:07.097" endtime="20231120 17:07:07.152"/>
</kw>
<kw name="Login Page Should Be Open" library="resource">
<kw name="Title Should Be" library="SeleniumLibrary">
<arg>Login</arg>
<doc>Verifies that the current page title equals ``title``.</doc>
<msg timestamp="20231120 17:07:07.157" level="INFO">Page title is 'Login'.</msg>
<status status="PASS" starttime="20231120 17:07:07.152" endtime="20231120 17:07:07.157"/>
</kw>
<status status="PASS" starttime="20231120 17:07:07.152" endtime="20231120 17:07:07.157"/>
</kw>
<status status="PASS" starttime="20231120 17:07:07.090" endtime="20231120 17:07:07.157"/>
</kw>
<kw name="Set Username">
<arg>kalle</arg>
<kw name="Input Text" library="SeleniumLibrary">
<arg>username</arg>
<arg>${username}</arg>
<doc>Types the given ``text`` into the text field identified by ``locator``.</doc>
<msg timestamp="20231120 17:07:07.158" level="INFO">Typing text 'kalle' into text field 'username'.</msg>
<status status="PASS" starttime="20231120 17:07:07.158" endtime="20231120 17:07:07.178"/>
</kw>
<status status="PASS" starttime="20231120 17:07:07.157" endtime="20231120 17:07:07.178"/>
</kw>
<kw name="Set Password">
<arg>kalle456</arg>
<kw name="Input Password" library="SeleniumLibrary">
<arg>password</arg>
<arg>${password}</arg>
<doc>Types the given password into the text field identified by ``locator``.</doc>
<msg timestamp="20231120 17:07:07.179" level="INFO">Typing password into text field 'password'.</msg>
<msg timestamp="20231120 17:07:07.184" level="INFO">Temporally setting log level to: NONE</msg>
<msg timestamp="20231120 17:07:07.189" level="INFO">Log level changed from NONE to INFO.</msg>
<status status="PASS" starttime="20231120 17:07:07.178" endtime="20231120 17:07:07.190"/>
</kw>
<status status="PASS" starttime="20231120 17:07:07.178" endtime="20231120 17:07:07.190"/>
</kw>
<kw name="Submit Credentials">
<kw name="Click Button" library="SeleniumLibrary">
<arg>Login</arg>
<doc>Clicks the button identified by ``locator``.</doc>
<msg timestamp="20231120 17:07:07.191" level="INFO">Clicking button 'Login'.</msg>
<status status="PASS" starttime="20231120 17:07:07.190" endtime="20231120 17:07:07.217"/>
</kw>
<status status="PASS" starttime="20231120 17:07:07.190" endtime="20231120 17:07:07.217"/>
</kw>
<kw name="Login Should Fail With Message">
<arg>Invalid username or password</arg>
<kw name="Login Page Should Be Open" library="resource">
<kw name="Title Should Be" library="SeleniumLibrary">
<arg>Login</arg>
<doc>Verifies that the current page title equals ``title``.</doc>
<msg timestamp="20231120 17:07:07.222" level="INFO">Page title is 'Login'.</msg>
<status status="PASS" starttime="20231120 17:07:07.218" endtime="20231120 17:07:07.222"/>
</kw>
<status status="PASS" starttime="20231120 17:07:07.218" endtime="20231120 17:07:07.222"/>
</kw>
<kw name="Page Should Contain" library="SeleniumLibrary">
<arg>${message}</arg>
<doc>Verifies that current page contains ``text``.</doc>
<msg timestamp="20231120 17:07:07.226" level="INFO">Current page contains text 'Invalid username or password'.</msg>
<status status="PASS" starttime="20231120 17:07:07.222" endtime="20231120 17:07:07.226"/>
</kw>
<status status="PASS" starttime="20231120 17:07:07.218" endtime="20231120 17:07:07.226"/>
</kw>
<status status="PASS" starttime="20231120 17:07:07.090" endtime="20231120 17:07:07.226"/>
</test>
<test id="s1-s2-t3" name="Login With Nonexistent Username" line="20">
<kw name="Create User And Go To Login Page" type="SETUP">
<kw name="Create User" library="AppLibrary">
<arg>kalle</arg>
<arg>kalle123</arg>
<status status="PASS" starttime="20231120 17:07:07.227" endtime="20231120 17:07:07.232"/>
</kw>
<kw name="Go To Login Page" library="resource">
<kw name="Go To" library="SeleniumLibrary">
<arg>${LOGIN_URL}</arg>
<doc>Navigates the current browser window to the provided ``url``.</doc>
<msg timestamp="20231120 17:07:07.233" level="INFO">Opening url 'http://localhost:5001/login'</msg>
<status status="PASS" starttime="20231120 17:07:07.233" endtime="20231120 17:07:07.247"/>
</kw>
<status status="PASS" starttime="20231120 17:07:07.233" endtime="20231120 17:07:07.247"/>
</kw>
<kw name="Login Page Should Be Open" library="resource">
<kw name="Title Should Be" library="SeleniumLibrary">
<arg>Login</arg>
<doc>Verifies that the current page title equals ``title``.</doc>
<msg timestamp="20231120 17:07:07.249" level="INFO">Page title is 'Login'.</msg>
<status status="PASS" starttime="20231120 17:07:07.247" endtime="20231120 17:07:07.249"/>
</kw>
<status status="PASS" starttime="20231120 17:07:07.247" endtime="20231120 17:07:07.249"/>
</kw>
<status status="PASS" starttime="20231120 17:07:07.227" endtime="20231120 17:07:07.249"/>
</kw>
<kw name="Set Username">
<arg>moii</arg>
<kw name="Input Text" library="SeleniumLibrary">
<arg>username</arg>
<arg>${username}</arg>
<doc>Types the given ``text`` into the text field identified by ``locator``.</doc>
<msg timestamp="20231120 17:07:07.250" level="INFO">Typing text 'moii' into text field 'username'.</msg>
<status status="PASS" starttime="20231120 17:07:07.249" endtime="20231120 17:07:07.264"/>
</kw>
<status status="PASS" starttime="20231120 17:07:07.249" endtime="20231120 17:07:07.264"/>
</kw>
<kw name="Set Password">
<arg>jeejee123</arg>
<kw name="Input Password" library="SeleniumLibrary">
<arg>password</arg>
<arg>${password}</arg>
<doc>Types the given password into the text field identified by ``locator``.</doc>
<msg timestamp="20231120 17:07:07.265" level="INFO">Typing password into text field 'password'.</msg>
<msg timestamp="20231120 17:07:07.268" level="INFO">Temporally setting log level to: NONE</msg>
<msg timestamp="20231120 17:07:07.273" level="INFO">Log level changed from NONE to INFO.</msg>
<status status="PASS" starttime="20231120 17:07:07.264" endtime="20231120 17:07:07.273"/>
</kw>
<status status="PASS" starttime="20231120 17:07:07.264" endtime="20231120 17:07:07.273"/>
</kw>
<kw name="Submit Credentials">
<kw name="Click Button" library="SeleniumLibrary">
<arg>Login</arg>
<doc>Clicks the button identified by ``locator``.</doc>
<msg timestamp="20231120 17:07:07.274" level="INFO">Clicking button 'Login'.</msg>
<status status="PASS" starttime="20231120 17:07:07.273" endtime="20231120 17:07:07.296"/>
</kw>
<status status="PASS" starttime="20231120 17:07:07.273" endtime="20231120 17:07:07.296"/>
</kw>
<kw name="Login Should Fail With Message">
<arg>Invalid username or password</arg>
<kw name="Login Page Should Be Open" library="resource">
<kw name="Title Should Be" library="SeleniumLibrary">
<arg>Login</arg>
<doc>Verifies that the current page title equals ``title``.</doc>
<msg timestamp="20231120 17:07:07.298" level="INFO">Page title is 'Login'.</msg>
<status status="PASS" starttime="20231120 17:07:07.297" endtime="20231120 17:07:07.298"/>
</kw>
<status status="PASS" starttime="20231120 17:07:07.297" endtime="20231120 17:07:07.298"/>
</kw>
<kw name="Page Should Contain" library="SeleniumLibrary">
<arg>${message}</arg>
<doc>Verifies that current page contains ``text``.</doc>
<msg timestamp="20231120 17:07:07.301" level="INFO">Current page contains text 'Invalid username or password'.</msg>
<status status="PASS" starttime="20231120 17:07:07.298" endtime="20231120 17:07:07.301"/>
</kw>
<status status="PASS" starttime="20231120 17:07:07.296" endtime="20231120 17:07:07.301"/>
</kw>
<status status="PASS" starttime="20231120 17:07:07.227" endtime="20231120 17:07:07.301"/>
</test>
<kw name="Close Browser" library="SeleniumLibrary" type="TEARDOWN">
<doc>Closes the current browser.</doc>
<status status="PASS" starttime="20231120 17:07:07.302" endtime="20231120 17:07:08.911"/>
</kw>
<status status="PASS" starttime="20231120 17:07:04.784" endtime="20231120 17:07:08.911"/>
</suite>
<suite id="s1-s3" name="Register" source="/home/lehthelj/OhTu/palautusrepositorio/viikko3/web-login/src/tests/register.robot">
<kw name="Open And Configure Browser" library="resource" type="SETUP">
<kw name="Evaluate" library="BuiltIn">
<var>${options}</var>
<arg>sys.modules['selenium.webdriver'].FirefoxOptions()</arg>
<arg>sys</arg>
<doc>Evaluates the given expression in Python and returns the result.</doc>
<msg timestamp="20231120 17:07:08.917" level="INFO">${options} = &lt;selenium.webdriver.firefox.options.Options object at 0x7fa734cc4ac0&gt;</msg>
<status status="PASS" starttime="20231120 17:07:08.916" endtime="20231120 17:07:08.917"/>
</kw>
<kw name="Call Method" library="BuiltIn">
<arg>${options}</arg>
<arg>add_argument</arg>
<arg>--no-sandbox</arg>
<doc>Calls the named method of the given object with the provided arguments.</doc>
<status status="PASS" starttime="20231120 17:07:08.917" endtime="20231120 17:07:08.917"/>
</kw>
<kw name="Open Browser" library="SeleniumLibrary">
<arg>browser=chrome</arg>
<arg>options=${options}</arg>
<doc>Opens a new browser instance to the optional ``url``.</doc>
<msg timestamp="20231120 17:07:08.917" level="INFO">Opening browser 'chrome' to base url 'None'.</msg>
<status status="PASS" starttime="20231120 17:07:08.917" endtime="20231120 17:07:11.070"/>
</kw>
<kw name="Set Selenium Speed" library="SeleniumLibrary">
<arg>${DELAY}</arg>
<doc>Sets the delay that is waited after each Selenium command.</doc>
<status status="PASS" starttime="20231120 17:07:11.070" endtime="20231120 17:07:11.070"/>
</kw>
<status status="PASS" starttime="20231120 17:07:08.916" endtime="20231120 17:07:11.070"/>
</kw>
<test id="s1-s3-t1" name="Register With Valid Username And Password" line="8">
<kw name="Register Page Open" type="SETUP">
<kw name="Go To Register Page" library="resource">
<kw name="Go To" library="SeleniumLibrary">
<arg>${REGISTER_URL}</arg>
<doc>Navigates the current browser window to the provided ``url``.</doc>
<msg timestamp="20231120 17:07:11.071" level="INFO">Opening url 'http://localhost:5001/register'</msg>
<status status="PASS" starttime="20231120 17:07:11.071" endtime="20231120 17:07:11.178"/>
</kw>
<status status="PASS" starttime="20231120 17:07:11.071" endtime="20231120 17:07:11.178"/>
</kw>
<status status="PASS" starttime="20231120 17:07:11.071" endtime="20231120 17:07:11.178"/>
</kw>
<kw name="Go To Register Page" library="resource">
<kw name="Go To" library="SeleniumLibrary">
<arg>${REGISTER_URL}</arg>
<doc>Navigates the current browser window to the provided ``url``.</doc>
<msg timestamp="20231120 17:07:11.179" level="INFO">Opening url 'http://localhost:5001/register'</msg>
<status status="PASS" starttime="20231120 17:07:11.179" endtime="20231120 17:07:11.223"/>
</kw>
<status status="PASS" starttime="20231120 17:07:11.178" endtime="20231120 17:07:11.223"/>
</kw>
<kw name="Set Username">
<arg>moii</arg>
<kw name="Input Text" library="SeleniumLibrary">
<arg>username</arg>
<arg>${username}</arg>
<doc>Types the given ``text`` into the text field identified by ``locator``.</doc>
<msg timestamp="20231120 17:07:11.224" level="INFO">Typing text 'moii' into text field 'username'.</msg>
<status status="PASS" starttime="20231120 17:07:11.223" endtime="20231120 17:07:11.298"/>
</kw>
<status status="PASS" starttime="20231120 17:07:11.223" endtime="20231120 17:07:11.298"/>
</kw>
<kw name="Set Password">
<arg>joujou123</arg>
<kw name="Input Password" library="SeleniumLibrary">
<arg>password</arg>
<arg>${password}</arg>
<doc>Types the given password into the text field identified by ``locator``.</doc>
<msg timestamp="20231120 17:07:11.299" level="INFO">Typing password into text field 'password'.</msg>
<msg timestamp="20231120 17:07:11.305" level="INFO">Temporally setting log level to: NONE</msg>
<msg timestamp="20231120 17:07:11.310" level="INFO">Log level changed from NONE to INFO.</msg>
<status status="PASS" starttime="20231120 17:07:11.299" endtime="20231120 17:07:11.310"/>
</kw>
<status status="PASS" starttime="20231120 17:07:11.298" endtime="20231120 17:07:11.310"/>
</kw>
<kw name="Confirm Password">
<arg>joujou123</arg>
<kw name="Input Password" library="SeleniumLibrary">
<arg>password_confirmation</arg>
<arg>${password}</arg>
<doc>Types the given password into the text field identified by ``locator``.</doc>
<msg timestamp="20231120 17:07:11.311" level="INFO">Typing password into text field 'password_confirmation'.</msg>
<msg timestamp="20231120 17:07:11.316" level="INFO">Temporally setting log level to: NONE</msg>
<msg timestamp="20231120 17:07:11.321" level="INFO">Log level changed from NONE to INFO.</msg>
<status status="PASS" starttime="20231120 17:07:11.311" endtime="20231120 17:07:11.321"/>
</kw>
<status status="PASS" starttime="20231120 17:07:11.310" endtime="20231120 17:07:11.321"/>
</kw>
<kw name="Submit Credentials">
<kw name="Click Button" library="SeleniumLibrary">
<arg>Register</arg>
<doc>Clicks the button identified by ``locator``.</doc>
<msg timestamp="20231120 17:07:11.322" level="INFO">Clicking button 'Register'.</msg>
<status status="PASS" starttime="20231120 17:07:11.321" endtime="20231120 17:07:11.354"/>
</kw>
<status status="PASS" starttime="20231120 17:07:11.321" endtime="20231120 17:07:11.354"/>
</kw>
<kw name="Page Should Contain" library="SeleniumLibrary">
<arg>Welcome to Ohtu Application!</arg>
<doc>Verifies that current page contains ``text``.</doc>
<msg timestamp="20231120 17:07:11.358" level="INFO">Current page contains text 'Welcome to Ohtu Application!'.</msg>
<status status="PASS" starttime="20231120 17:07:11.354" endtime="20231120 17:07:11.358"/>
</kw>
<status status="PASS" starttime="20231120 17:07:11.070" endtime="20231120 17:07:11.358"/>
</test>
<test id="s1-s3-t2" name="Register With Too Short Username And Valid Password" line="16">
<kw name="Register Page Open" type="SETUP">
<kw name="Go To Register Page" library="resource">
<kw name="Go To" library="SeleniumLibrary">
<arg>${REGISTER_URL}</arg>
<doc>Navigates the current browser window to the provided ``url``.</doc>
<msg timestamp="20231120 17:07:11.359" level="INFO">Opening url 'http://localhost:5001/register'</msg>
<status status="PASS" starttime="20231120 17:07:11.359" endtime="20231120 17:07:11.376"/>
</kw>
<status status="PASS" starttime="20231120 17:07:11.359" endtime="20231120 17:07:11.376"/>
</kw>
<status status="PASS" starttime="20231120 17:07:11.359" endtime="20231120 17:07:11.376"/>
</kw>
<kw name="Go To Register Page" library="resource">
<kw name="Go To" library="SeleniumLibrary">
<arg>${REGISTER_URL}</arg>
<doc>Navigates the current browser window to the provided ``url``.</doc>
<msg timestamp="20231120 17:07:11.377" level="INFO">Opening url 'http://localhost:5001/register'</msg>
<status status="PASS" starttime="20231120 17:07:11.377" endtime="20231120 17:07:11.391"/>
</kw>
<status status="PASS" starttime="20231120 17:07:11.376" endtime="20231120 17:07:11.391"/>
</kw>
<kw name="Set Username">
<arg>m</arg>
<kw name="Input Text" library="SeleniumLibrary">
<arg>username</arg>
<arg>${username}</arg>
<doc>Types the given ``text`` into the text field identified by ``locator``.</doc>
<msg timestamp="20231120 17:07:11.392" level="INFO">Typing text 'm' into text field 'username'.</msg>
<status status="PASS" starttime="20231120 17:07:11.392" endtime="20231120 17:07:11.405"/>
</kw>
<status status="PASS" starttime="20231120 17:07:11.391" endtime="20231120 17:07:11.405"/>
</kw>
<kw name="Set Password">
<arg>joujou123</arg>
<kw name="Input Password" library="SeleniumLibrary">
<arg>password</arg>
<arg>${password}</arg>
<doc>Types the given password into the text field identified by ``locator``.</doc>
<msg timestamp="20231120 17:07:11.406" level="INFO">Typing password into text field 'password'.</msg>
<msg timestamp="20231120 17:07:11.410" level="INFO">Temporally setting log level to: NONE</msg>
<msg timestamp="20231120 17:07:11.414" level="INFO">Log level changed from NONE to INFO.</msg>
<status status="PASS" starttime="20231120 17:07:11.406" endtime="20231120 17:07:11.414"/>
</kw>
<status status="PASS" starttime="20231120 17:07:11.406" endtime="20231120 17:07:11.414"/>
</kw>
<kw name="Confirm Password">
<arg>joujou123</arg>
<kw name="Input Password" library="SeleniumLibrary">
<arg>password_confirmation</arg>
<arg>${password}</arg>
<doc>Types the given password into the text field identified by ``locator``.</doc>
<msg timestamp="20231120 17:07:11.414" level="INFO">Typing password into text field 'password_confirmation'.</msg>
<msg timestamp="20231120 17:07:11.418" level="INFO">Temporally setting log level to: NONE</msg>
<msg timestamp="20231120 17:07:11.433" level="INFO">Log level changed from NONE to INFO.</msg>
<status status="PASS" starttime="20231120 17:07:11.414" endtime="20231120 17:07:11.433"/>
</kw>
<status status="PASS" starttime="20231120 17:07:11.414" endtime="20231120 17:07:11.433"/>
</kw>
<kw name="Submit Credentials">
<kw name="Click Button" library="SeleniumLibrary">
<arg>Register</arg>
<doc>Clicks the button identified by ``locator``.</doc>
<msg timestamp="20231120 17:07:11.434" level="INFO">Clicking button 'Register'.</msg>
<status status="PASS" starttime="20231120 17:07:11.434" endtime="20231120 17:07:11.459"/>
</kw>
<status status="PASS" starttime="20231120 17:07:11.433" endtime="20231120 17:07:11.459"/>
</kw>
<kw name="Register Should Fail With Message">
<arg>Invalid username or password</arg>
<kw name="Register Page Should Be Open" library="resource">
<kw name="Title Should Be" library="SeleniumLibrary">
<arg>Register</arg>
<doc>Verifies that the current page title equals ``title``.</doc>
<msg timestamp="20231120 17:07:11.460" level="INFO">Page title is 'Register'.</msg>
<status status="PASS" starttime="20231120 17:07:11.459" endtime="20231120 17:07:11.460"/>
</kw>
<status status="PASS" starttime="20231120 17:07:11.459" endtime="20231120 17:07:11.460"/>
</kw>
<kw name="Page Should Contain" library="SeleniumLibrary">
<arg>${message}</arg>
<doc>Verifies that current page contains ``text``.</doc>
<msg timestamp="20231120 17:07:11.464" level="INFO">Current page contains text 'Invalid username or password'.</msg>
<status status="PASS" starttime="20231120 17:07:11.460" endtime="20231120 17:07:11.464"/>
</kw>
<status status="PASS" starttime="20231120 17:07:11.459" endtime="20231120 17:07:11.464"/>
</kw>
<status status="PASS" starttime="20231120 17:07:11.359" endtime="20231120 17:07:11.464"/>
</test>
<test id="s1-s3-t3" name="Register With Valid Username And Invalid Password" line="24">
<kw name="Register Page Open" type="SETUP">
<kw name="Go To Register Page" library="resource">
<kw name="Go To" library="SeleniumLibrary">
<arg>${REGISTER_URL}</arg>
<doc>Navigates the current browser window to the provided ``url``.</doc>
<msg timestamp="20231120 17:07:11.465" level="INFO">Opening url 'http://localhost:5001/register'</msg>
<status status="PASS" starttime="20231120 17:07:11.465" endtime="20231120 17:07:11.478"/>
</kw>
<status status="PASS" starttime="20231120 17:07:11.465" endtime="20231120 17:07:11.478"/>
</kw>
<status status="PASS" starttime="20231120 17:07:11.465" endtime="20231120 17:07:11.478"/>
</kw>
<kw name="Go To Register Page" library="resource">
<kw name="Go To" library="SeleniumLibrary">
<arg>${REGISTER_URL}</arg>
<doc>Navigates the current browser window to the provided ``url``.</doc>
<msg timestamp="20231120 17:07:11.478" level="INFO">Opening url 'http://localhost:5001/register'</msg>
<status status="PASS" starttime="20231120 17:07:11.478" endtime="20231120 17:07:11.492"/>
</kw>
<status status="PASS" starttime="20231120 17:07:11.478" endtime="20231120 17:07:11.492"/>
</kw>
<kw name="Set Username">
<arg>moikka</arg>
<kw name="Input Text" library="SeleniumLibrary">
<arg>username</arg>
<arg>${username}</arg>
<doc>Types the given ``text`` into the text field identified by ``locator``.</doc>
<msg timestamp="20231120 17:07:11.493" level="INFO">Typing text 'moikka' into text field 'username'.</msg>
<status status="PASS" starttime="20231120 17:07:11.493" endtime="20231120 17:07:11.505"/>
</kw>
<status status="PASS" starttime="20231120 17:07:11.492" endtime="20231120 17:07:11.505"/>
</kw>
<kw name="Set Password">
<arg>joujoujou</arg>
<kw name="Input Password" library="SeleniumLibrary">
<arg>password</arg>
<arg>${password}</arg>
<doc>Types the given password into the text field identified by ``locator``.</doc>
<msg timestamp="20231120 17:07:11.506" level="INFO">Typing password into text field 'password'.</msg>
<msg timestamp="20231120 17:07:11.509" level="INFO">Temporally setting log level to: NONE</msg>
<msg timestamp="20231120 17:07:11.514" level="INFO">Log level changed from NONE to INFO.</msg>
<status status="PASS" starttime="20231120 17:07:11.505" endtime="20231120 17:07:11.514"/>
</kw>
<status status="PASS" starttime="20231120 17:07:11.505" endtime="20231120 17:07:11.514"/>
</kw>
<kw name="Confirm Password">
<arg>joujoujou</arg>
<kw name="Input Password" library="SeleniumLibrary">
<arg>password_confirmation</arg>
<arg>${password}</arg>
<doc>Types the given password into the text field identified by ``locator``.</doc>
<msg timestamp="20231120 17:07:11.515" level="INFO">Typing password into text field 'password_confirmation'.</msg>
<msg timestamp="20231120 17:07:11.519" level="INFO">Temporally setting log level to: NONE</msg>
<msg timestamp="20231120 17:07:11.524" level="INFO">Log level changed from NONE to INFO.</msg>
<status status="PASS" starttime="20231120 17:07:11.514" endtime="20231120 17:07:11.524"/>
</kw>
<status status="PASS" starttime="20231120 17:07:11.514" endtime="20231120 17:07:11.524"/>
</kw>
<kw name="Submit Credentials">
<kw name="Click Button" library="SeleniumLibrary">
<arg>Register</arg>
<doc>Clicks the button identified by ``locator``.</doc>
<msg timestamp="20231120 17:07:11.525" level="INFO">Clicking button 'Register'.</msg>
<status status="PASS" starttime="20231120 17:07:11.525" endtime="20231120 17:07:11.550"/>
</kw>
<status status="PASS" starttime="20231120 17:07:11.524" endtime="20231120 17:07:11.550"/>
</kw>
<kw name="Register Should Fail With Message">
<arg>Invalid username or password</arg>
<kw name="Register Page Should Be Open" library="resource">
<kw name="Title Should Be" library="SeleniumLibrary">
<arg>Register</arg>
<doc>Verifies that the current page title equals ``title``.</doc>
<msg timestamp="20231120 17:07:11.554" level="INFO">Page title is 'Register'.</msg>
<status status="PASS" starttime="20231120 17:07:11.551" endtime="20231120 17:07:11.554"/>
</kw>
<status status="PASS" starttime="20231120 17:07:11.550" endtime="20231120 17:07:11.554"/>
</kw>
<kw name="Page Should Contain" library="SeleniumLibrary">
<arg>${message}</arg>
<doc>Verifies that current page contains ``text``.</doc>
<msg timestamp="20231120 17:07:11.557" level="INFO">Current page contains text 'Invalid username or password'.</msg>
<status status="PASS" starttime="20231120 17:07:11.554" endtime="20231120 17:07:11.557"/>
</kw>
<status status="PASS" starttime="20231120 17:07:11.550" endtime="20231120 17:07:11.557"/>
</kw>
<status status="PASS" starttime="20231120 17:07:11.464" endtime="20231120 17:07:11.557"/>
</test>
<test id="s1-s3-t4" name="Register With Nonmatching Password And Password Confirmation" line="32">
<kw name="Register Page Open" type="SETUP">
<kw name="Go To Register Page" library="resource">
<kw name="Go To" library="SeleniumLibrary">
<arg>${REGISTER_URL}</arg>
<doc>Navigates the current browser window to the provided ``url``.</doc>
<msg timestamp="20231120 17:07:11.558" level="INFO">Opening url 'http://localhost:5001/register'</msg>
<status status="PASS" starttime="20231120 17:07:11.558" endtime="20231120 17:07:11.572"/>
</kw>
<status status="PASS" starttime="20231120 17:07:11.558" endtime="20231120 17:07:11.573"/>
</kw>
<status status="PASS" starttime="20231120 17:07:11.557" endtime="20231120 17:07:11.573"/>
</kw>
<kw name="Go To Register Page" library="resource">
<kw name="Go To" library="SeleniumLibrary">
<arg>${REGISTER_URL}</arg>
<doc>Navigates the current browser window to the provided ``url``.</doc>
<msg timestamp="20231120 17:07:11.573" level="INFO">Opening url 'http://localhost:5001/register'</msg>
<status status="PASS" starttime="20231120 17:07:11.573" endtime="20231120 17:07:11.588"/>
</kw>
<status status="PASS" starttime="20231120 17:07:11.573" endtime="20231120 17:07:11.588"/>
</kw>
<kw name="Set Username">
<arg>heippa</arg>
<kw name="Input Text" library="SeleniumLibrary">
<arg>username</arg>
<arg>${username}</arg>
<doc>Types the given ``text`` into the text field identified by ``locator``.</doc>
<msg timestamp="20231120 17:07:11.589" level="INFO">Typing text 'heippa' into text field 'username'.</msg>
<status status="PASS" starttime="20231120 17:07:11.588" endtime="20231120 17:07:11.598"/>
</kw>
<status status="PASS" starttime="20231120 17:07:11.588" endtime="20231120 17:07:11.598"/>
</kw>
<kw name="Set Password">
<arg>joujou123</arg>
<kw name="Input Password" library="SeleniumLibrary">
<arg>password</arg>
<arg>${password}</arg>
<doc>Types the given password into the text field identified by ``locator``.</doc>
<msg timestamp="20231120 17:07:11.599" level="INFO">Typing password into text field 'password'.</msg>
<msg timestamp="20231120 17:07:11.604" level="INFO">Temporally setting log level to: NONE</msg>
<msg timestamp="20231120 17:07:11.609" level="INFO">Log level changed from NONE to INFO.</msg>
<status status="PASS" starttime="20231120 17:07:11.599" endtime="20231120 17:07:11.609"/>
</kw>
<status status="PASS" starttime="20231120 17:07:11.599" endtime="20231120 17:07:11.609"/>
</kw>
<kw name="Confirm Password">
<arg>jeejee123</arg>
<kw name="Input Password" library="SeleniumLibrary">
<arg>password_confirmation</arg>
<arg>${password}</arg>
<doc>Types the given password into the text field identified by ``locator``.</doc>
<msg timestamp="20231120 17:07:11.609" level="INFO">Typing password into text field 'password_confirmation'.</msg>
<msg timestamp="20231120 17:07:11.613" level="INFO">Temporally setting log level to: NONE</msg>
<msg timestamp="20231120 17:07:11.617" level="INFO">Log level changed from NONE to INFO.</msg>
<status status="PASS" starttime="20231120 17:07:11.609" endtime="20231120 17:07:11.617"/>
</kw>
<status status="PASS" starttime="20231120 17:07:11.609" endtime="20231120 17:07:11.617"/>
</kw>
<kw name="Submit Credentials">
<kw name="Click Button" library="SeleniumLibrary">
<arg>Register</arg>
<doc>Clicks the button identified by ``locator``.</doc>
<msg timestamp="20231120 17:07:11.618" level="INFO">Clicking button 'Register'.</msg>
<status status="PASS" starttime="20231120 17:07:11.617" endtime="20231120 17:07:11.642"/>
</kw>
<status status="PASS" starttime="20231120 17:07:11.617" endtime="20231120 17:07:11.642"/>
</kw>
<kw name="Register Should Fail With Message">
<arg>Password and confirmation don't match</arg>
<kw name="Register Page Should Be Open" library="resource">
<kw name="Title Should Be" library="SeleniumLibrary">
<arg>Register</arg>
<doc>Verifies that the current page title equals ``title``.</doc>
<msg timestamp="20231120 17:07:11.644" level="INFO">Page title is 'Register'.</msg>
<status status="PASS" starttime="20231120 17:07:11.643" endtime="20231120 17:07:11.644"/>
</kw>
<status status="PASS" starttime="20231120 17:07:11.643" endtime="20231120 17:07:11.644"/>
</kw>
<kw name="Page Should Contain" library="SeleniumLibrary">
<arg>${message}</arg>
<doc>Verifies that current page contains ``text``.</doc>
<msg timestamp="20231120 17:07:11.647" level="INFO">Current page contains text 'Password and confirmation don't match'.</msg>
<status status="PASS" starttime="20231120 17:07:11.644" endtime="20231120 17:07:11.647"/>
</kw>
<status status="PASS" starttime="20231120 17:07:11.642" endtime="20231120 17:07:11.647"/>
</kw>
<status status="PASS" starttime="20231120 17:07:11.557" endtime="20231120 17:07:11.647"/>
</test>
<test id="s1-s3-t5" name="Login After Successful Registration" line="40">
<kw name="Register Page Open" type="SETUP">
<kw name="Go To Register Page" library="resource">
<kw name="Go To" library="SeleniumLibrary">
<arg>${REGISTER_URL}</arg>
<doc>Navigates the current browser window to the provided ``url``.</doc>
<msg timestamp="20231120 17:07:11.648" level="INFO">Opening url 'http://localhost:5001/register'</msg>
<status status="PASS" starttime="20231120 17:07:11.648" endtime="20231120 17:07:11.661"/>
</kw>
<status status="PASS" starttime="20231120 17:07:11.648" endtime="20231120 17:07:11.661"/>
</kw>
<status status="PASS" starttime="20231120 17:07:11.648" endtime="20231120 17:07:11.661"/>
</kw>
<kw name="Go To Register Page" library="resource">
<kw name="Go To" library="SeleniumLibrary">
<arg>${REGISTER_URL}</arg>
<doc>Navigates the current browser window to the provided ``url``.</doc>
<msg timestamp="20231120 17:07:11.661" level="INFO">Opening url 'http://localhost:5001/register'</msg>
<status status="PASS" starttime="20231120 17:07:11.661" endtime="20231120 17:07:11.674"/>
</kw>
<status status="PASS" starttime="20231120 17:07:11.661" endtime="20231120 17:07:11.674"/>
</kw>
<kw name="Set Username">
<arg>heippaa</arg>
<kw name="Input Text" library="SeleniumLibrary">
<arg>username</arg>
<arg>${username}</arg>
<doc>Types the given ``text`` into the text field identified by ``locator``.</doc>
<msg timestamp="20231120 17:07:11.675" level="INFO">Typing text 'heippaa' into text field 'username'.</msg>
<status status="PASS" starttime="20231120 17:07:11.675" endtime="20231120 17:07:11.686"/>
</kw>
<status status="PASS" starttime="20231120 17:07:11.674" endtime="20231120 17:07:11.686"/>
</kw>
<kw name="Set Password">
<arg>joujou123</arg>
<kw name="Input Password" library="SeleniumLibrary">
<arg>password</arg>
<arg>${password}</arg>
<doc>Types the given password into the text field identified by ``locator``.</doc>
<msg timestamp="20231120 17:07:11.687" level="INFO">Typing password into text field 'password'.</msg>
<msg timestamp="20231120 17:07:11.690" level="INFO">Temporally setting log level to: NONE</msg>
<msg timestamp="20231120 17:07:11.694" level="INFO">Log level changed from NONE to INFO.</msg>
<status status="PASS" starttime="20231120 17:07:11.686" endtime="20231120 17:07:11.694"/>
</kw>
<status status="PASS" starttime="20231120 17:07:11.686" endtime="20231120 17:07:11.694"/>
</kw>
<kw name="Confirm Password">
<arg>joujou123</arg>
<kw name="Input Password" library="SeleniumLibrary">
<arg>password_confirmation</arg>
<arg>${password}</arg>
<doc>Types the given password into the text field identified by ``locator``.</doc>
<msg timestamp="20231120 17:07:11.695" level="INFO">Typing password into text field 'password_confirmation'.</msg>
<msg timestamp="20231120 17:07:11.698" level="INFO">Temporally setting log level to: NONE</msg>
<msg timestamp="20231120 17:07:11.703" level="INFO">Log level changed from NONE to INFO.</msg>
<status status="PASS" starttime="20231120 17:07:11.694" endtime="20231120 17:07:11.703"/>
</kw>
<status status="PASS" starttime="20231120 17:07:11.694" endtime="20231120 17:07:11.703"/>
</kw>
<kw name="Submit Credentials">
<kw name="Click Button" library="SeleniumLibrary">
<arg>Register</arg>
<doc>Clicks the button identified by ``locator``.</doc>
<msg timestamp="20231120 17:07:11.704" level="INFO">Clicking button 'Register'.</msg>
<status status="PASS" starttime="20231120 17:07:11.703" endtime="20231120 17:07:11.725"/>
</kw>
<status status="PASS" starttime="20231120 17:07:11.703" endtime="20231120 17:07:11.725"/>
</kw>
<kw name="Go To Login Page" library="resource">
<kw name="Go To" library="SeleniumLibrary">
<arg>${LOGIN_URL}</arg>
<doc>Navigates the current browser window to the provided ``url``.</doc>
<msg timestamp="20231120 17:07:11.726" level="INFO">Opening url 'http://localhost:5001/login'</msg>
<status status="PASS" starttime="20231120 17:07:11.725" endtime="20231120 17:07:11.741"/>
</kw>
<status status="PASS" starttime="20231120 17:07:11.725" endtime="20231120 17:07:11.741"/>
</kw>
<kw name="Set Username">
<arg>heippaa</arg>
<kw name="Input Text" library="SeleniumLibrary">
<arg>username</arg>
<arg>${username}</arg>
<doc>Types the given ``text`` into the text field identified by ``locator``.</doc>
<msg timestamp="20231120 17:07:11.742" level="INFO">Typing text 'heippaa' into text field 'username'.</msg>
<status status="PASS" starttime="20231120 17:07:11.742" endtime="20231120 17:07:11.755"/>
</kw>
<status status="PASS" starttime="20231120 17:07:11.742" endtime="20231120 17:07:11.755"/>
</kw>
<kw name="Set Password">
<arg>joujou123</arg>
<kw name="Input Password" library="SeleniumLibrary">
<arg>password</arg>
<arg>${password}</arg>
<doc>Types the given password into the text field identified by ``locator``.</doc>
<msg timestamp="20231120 17:07:11.756" level="INFO">Typing password into text field 'password'.</msg>
<msg timestamp="20231120 17:07:11.760" level="INFO">Temporally setting log level to: NONE</msg>
<msg timestamp="20231120 17:07:11.763" level="INFO">Log level changed from NONE to INFO.</msg>
<status status="PASS" starttime="20231120 17:07:11.756" endtime="20231120 17:07:11.763"/>
</kw>
<status status="PASS" starttime="20231120 17:07:11.755" endtime="20231120 17:07:11.763"/>
</kw>
<kw name="Submit Credentials Login">
<kw name="Click Button" library="SeleniumLibrary">
<arg>Login</arg>
<doc>Clicks the button identified by ``locator``.</doc>
<msg timestamp="20231120 17:07:11.764" level="INFO">Clicking button 'Login'.</msg>
<status status="PASS" starttime="20231120 17:07:11.764" endtime="20231120 17:07:11.789"/>
</kw>
<status status="PASS" starttime="20231120 17:07:11.763" endtime="20231120 17:07:11.789"/>
</kw>
<kw name="Login Should Succeed">
<kw name="Main Page Should Be Open" library="resource">
<kw name="Title Should Be" library="SeleniumLibrary">
<arg>Ohtu Application main page</arg>
<doc>Verifies that the current page title equals ``title``.</doc>
<msg timestamp="20231120 17:07:11.791" level="INFO">Page title is 'Ohtu Application main page'.</msg>
<status status="PASS" starttime="20231120 17:07:11.790" endtime="20231120 17:07:11.791"/>
</kw>
<status status="PASS" starttime="20231120 17:07:11.790" endtime="20231120 17:07:11.791"/>
</kw>
<status status="PASS" starttime="20231120 17:07:11.789" endtime="20231120 17:07:11.791"/>
</kw>
<status status="PASS" starttime="20231120 17:07:11.648" endtime="20231120 17:07:11.791"/>
</test>
<test id="s1-s3-t6" name="Login After Failed Registration" line="52">
<kw name="Register Page Open" type="SETUP">
<kw name="Go To Register Page" library="resource">
<kw name="Go To" library="SeleniumLibrary">
<arg>${REGISTER_URL}</arg>
<doc>Navigates the current browser window to the provided ``url``.</doc>
<msg timestamp="20231120 17:07:11.792" level="INFO">Opening url 'http://localhost:5001/register'</msg>
<status status="PASS" starttime="20231120 17:07:11.792" endtime="20231120 17:07:11.807"/>
</kw>
<status status="PASS" starttime="20231120 17:07:11.792" endtime="20231120 17:07:11.807"/>
</kw>
<status status="PASS" starttime="20231120 17:07:11.792" endtime="20231120 17:07:11.807"/>
</kw>
<kw name="Go To Register Page" library="resource">
<kw name="Go To" library="SeleniumLibrary">
<arg>${REGISTER_URL}</arg>
<doc>Navigates the current browser window to the provided ``url``.</doc>
<msg timestamp="20231120 17:07:11.808" level="INFO">Opening url 'http://localhost:5001/register'</msg>
<status status="PASS" starttime="20231120 17:07:11.807" endtime="20231120 17:07:11.821"/>
</kw>
<status status="PASS" starttime="20231120 17:07:11.807" endtime="20231120 17:07:11.821"/>
</kw>
<kw name="Set Username">
<arg>he</arg>
<kw name="Input Text" library="SeleniumLibrary">
<arg>username</arg>
<arg>${username}</arg>
<doc>Types the given ``text`` into the text field identified by ``locator``.</doc>
<msg timestamp="20231120 17:07:11.822" level="INFO">Typing text 'he' into text field 'username'.</msg>
<status status="PASS" starttime="20231120 17:07:11.821" endtime="20231120 17:07:11.833"/>
</kw>
<status status="PASS" starttime="20231120 17:07:11.821" endtime="20231120 17:07:11.833"/>
</kw>
<kw name="Set Password">
<arg>joujou123</arg>
<kw name="Input Password" library="SeleniumLibrary">
<arg>password</arg>
<arg>${password}</arg>
<doc>Types the given password into the text field identified by ``locator``.</doc>
<msg timestamp="20231120 17:07:11.834" level="INFO">Typing password into text field 'password'.</msg>
<msg timestamp="20231120 17:07:11.838" level="INFO">Temporally setting log level to: NONE</msg>
<msg timestamp="20231120 17:07:11.842" level="INFO">Log level changed from NONE to INFO.</msg>
<status status="PASS" starttime="20231120 17:07:11.834" endtime="20231120 17:07:11.842"/>
</kw>
<status status="PASS" starttime="20231120 17:07:11.833" endtime="20231120 17:07:11.842"/>
</kw>
<kw name="Confirm Password">
<arg>joujou123</arg>
<kw name="Input Password" library="SeleniumLibrary">
<arg>password_confirmation</arg>
<arg>${password}</arg>
<doc>Types the given password into the text field identified by ``locator``.</doc>
<msg timestamp="20231120 17:07:11.843" level="INFO">Typing password into text field 'password_confirmation'.</msg>
<msg timestamp="20231120 17:07:11.846" level="INFO">Temporally setting log level to: NONE</msg>
<msg timestamp="20231120 17:07:11.850" level="INFO">Log level changed from NONE to INFO.</msg>
<status status="PASS" starttime="20231120 17:07:11.842" endtime="20231120 17:07:11.850"/>
</kw>
<status status="PASS" starttime="20231120 17:07:11.842" endtime="20231120 17:07:11.850"/>
</kw>
<kw name="Submit Credentials">
<kw name="Click Button" library="SeleniumLibrary">
<arg>Register</arg>
<doc>Clicks the button identified by ``locator``.</doc>
<msg timestamp="20231120 17:07:11.851" level="INFO">Clicking button 'Register'.</msg>
<status status="PASS" starttime="20231120 17:07:11.850" endtime="20231120 17:07:11.874"/>
</kw>
<status status="PASS" starttime="20231120 17:07:11.850" endtime="20231120 17:07:11.874"/>
</kw>
<kw name="Go To Login Page" library="resource">
<kw name="Go To" library="SeleniumLibrary">
<arg>${LOGIN_URL}</arg>
<doc>Navigates the current browser window to the provided ``url``.</doc>
<msg timestamp="20231120 17:07:11.875" level="INFO">Opening url 'http://localhost:5001/login'</msg>
<status status="PASS" starttime="20231120 17:07:11.874" endtime="20231120 17:07:11.891"/>
</kw>
<status status="PASS" starttime="20231120 17:07:11.874" endtime="20231120 17:07:11.891"/>
</kw>
<kw name="Set Username">
<arg>he</arg>
<kw name="Input Text" library="SeleniumLibrary">
<arg>username</arg>
<arg>${username}</arg>
<doc>Types the given ``text`` into the text field identified by ``locator``.</doc>
<msg timestamp="20231120 17:07:11.892" level="INFO">Typing text 'he' into text field 'username'.</msg>
<status status="PASS" starttime="20231120 17:07:11.891" endtime="20231120 17:07:11.904"/>
</kw>
<status status="PASS" starttime="20231120 17:07:11.891" endtime="20231120 17:07:11.904"/>
</kw>
<kw name="Set Password">
<arg>joujou123</arg>
<kw name="Input Password" library="SeleniumLibrary">
<arg>password</arg>
<arg>${password}</arg>
<doc>Types the given password into the text field identified by ``locator``.</doc>
<msg timestamp="20231120 17:07:11.905" level="INFO">Typing password into text field 'password'.</msg>
<msg timestamp="20231120 17:07:11.909" level="INFO">Temporally setting log level to: NONE</msg>
<msg timestamp="20231120 17:07:11.914" level="INFO">Log level changed from NONE to INFO.</msg>
<status status="PASS" starttime="20231120 17:07:11.904" endtime="20231120 17:07:11.914"/>
</kw>
<status status="PASS" starttime="20231120 17:07:11.904" endtime="20231120 17:07:11.914"/>
</kw>
<kw name="Submit Credentials Login">
<kw name="Click Button" library="SeleniumLibrary">
<arg>Login</arg>
<doc>Clicks the button identified by ``locator``.</doc>
<msg timestamp="20231120 17:07:11.915" level="INFO">Clicking button 'Login'.</msg>
<status status="PASS" starttime="20231120 17:07:11.914" endtime="20231120 17:07:11.937"/>
</kw>
<status status="PASS" starttime="20231120 17:07:11.914" endtime="20231120 17:07:11.937"/>
</kw>
<kw name="Login Should Fail With Message">
<arg>Invalid username or password</arg>
<kw name="Login Page Should Be Open" library="resource">
<kw name="Title Should Be" library="SeleniumLibrary">
<arg>Login</arg>
<doc>Verifies that the current page title equals ``title``.</doc>
<msg timestamp="20231120 17:07:11.938" level="INFO">Page title is 'Login'.</msg>
<status status="PASS" starttime="20231120 17:07:11.937" endtime="20231120 17:07:11.938"/>
</kw>
<status status="PASS" starttime="20231120 17:07:11.937" endtime="20231120 17:07:11.938"/>
</kw>
<kw name="Page Should Contain" library="SeleniumLibrary">
<arg>${message}</arg>
<doc>Verifies that current page contains ``text``.</doc>
<msg timestamp="20231120 17:07:11.941" level="INFO">Current page contains text 'Invalid username or password'.</msg>
<status status="PASS" starttime="20231120 17:07:11.939" endtime="20231120 17:07:11.941"/>
</kw>
<status status="PASS" starttime="20231120 17:07:11.937" endtime="20231120 17:07:11.941"/>
</kw>
<status status="PASS" starttime="20231120 17:07:11.791" endtime="20231120 17:07:11.941"/>
</test>
<kw name="Close Browser" library="SeleniumLibrary" type="TEARDOWN">
<doc>Closes the current browser.</doc>
<status status="PASS" starttime="20231120 17:07:11.942" endtime="20231120 17:07:13.459"/>
</kw>
<status status="PASS" starttime="20231120 17:07:08.912" endtime="20231120 17:07:13.460"/>
</suite>
<status status="PASS" starttime="20231120 17:07:00.278" endtime="20231120 17:07:13.462"/>
</suite>
<statistics>
<total>
<stat pass="11" fail="0" skip="0">All Tests</stat>
</total>
<tag>
</tag>
<suite>
<stat pass="11" fail="0" skip="0" id="s1" name="Tests">Tests</stat>
<stat pass="2" fail="0" skip="0" id="s1-s1" name="Home">Tests.Home</stat>
<stat pass="3" fail="0" skip="0" id="s1-s2" name="Login">Tests.Login</stat>
<stat pass="6" fail="0" skip="0" id="s1-s3" name="Register">Tests.Register</stat>
</suite>
</statistics>
<errors>
</errors>
</robot>
