<?xml version="1.0" encoding="UTF-8"?>
<robot generator="Robot 6.1.1 (Python 3.10.12 on linux)" generated="20231117 20:51:59.918" rpa="false" schemaversion="4">
<suite id="s1" name="Tests" source="/home/lehthelj/OhTu/palautusrepositorio/viikko3/web-login/src/tests">
<suite id="s1-s1" name="Home" source="/home/lehthelj/OhTu/palautusrepositorio/viikko3/web-login/src/tests/home.robot">
<kw name="Open And Configure Browser" library="resource" type="SETUP">
<kw name="Evaluate" library="BuiltIn">
<var>${options}</var>
<arg>sys.modules['selenium.webdriver'].FirefoxOptions()</arg>
<arg>sys</arg>
<doc>Evaluates the given expression in Python and returns the result.</doc>
<msg timestamp="20231117 20:52:00.057" level="INFO">${options} = &lt;selenium.webdriver.firefox.options.Options object at 0x7fea1e4cc3a0&gt;</msg>
<status status="PASS" starttime="20231117 20:52:00.057" endtime="20231117 20:52:00.057"/>
</kw>
<kw name="Call Method" library="BuiltIn">
<arg>${options}</arg>
<arg>add_argument</arg>
<arg>--no-sandbox</arg>
<doc>Calls the named method of the given object with the provided arguments.</doc>
<status status="PASS" starttime="20231117 20:52:00.057" endtime="20231117 20:52:00.057"/>
</kw>
<kw name="Open Browser" library="SeleniumLibrary">
<arg>browser=chrome</arg>
<arg>options=${options}</arg>
<doc>Opens a new browser instance to the optional ``url``.</doc>
<msg timestamp="20231117 20:52:00.058" level="INFO">Opening browser 'chrome' to base url 'None'.</msg>
<status status="PASS" starttime="20231117 20:52:00.057" endtime="20231117 20:52:02.661"/>
</kw>
<kw name="Set Selenium Speed" library="SeleniumLibrary">
<arg>${DELAY}</arg>
<doc>Sets the delay that is waited after each Selenium command.</doc>
<status status="PASS" starttime="20231117 20:52:02.661" endtime="20231117 20:52:02.662"/>
</kw>
<status status="PASS" starttime="20231117 20:52:00.056" endtime="20231117 20:52:02.662"/>
</kw>
<test id="s1-s1-t1" name="Click Login Link" line="8">
<kw name="Go To Starting Page" library="resource" type="SETUP">
<kw name="Go To" library="SeleniumLibrary">
<arg>${HOME_URL}</arg>
<doc>Navigates the current browser window to the provided ``url``.</doc>
<msg timestamp="20231117 20:52:02.664" level="INFO">Opening url 'http://localhost:5001'</msg>
<status status="PASS" starttime="20231117 20:52:02.664" endtime="20231117 20:52:03.325"/>
</kw>
<status status="PASS" starttime="20231117 20:52:02.663" endtime="20231117 20:52:03.325"/>
</kw>
<kw name="Click Link" library="SeleniumLibrary">
<arg>Login</arg>
<doc>Clicks a link identified by ``locator``.</doc>
<msg timestamp="20231117 20:52:03.326" level="INFO">Clicking link 'Login'.</msg>
<status status="PASS" starttime="20231117 20:52:03.325" endtime="20231117 20:52:04.963"/>
</kw>
<kw name="Login Page Should Be Open" library="resource">
<kw name="Title Should Be" library="SeleniumLibrary">
<arg>Login</arg>
<doc>Verifies that the current page title equals ``title``.</doc>
<msg timestamp="20231117 20:52:05.469" level="INFO">Page title is 'Login'.</msg>
<status status="PASS" starttime="20231117 20:52:04.964" endtime="20231117 20:52:05.469"/>
</kw>
<status status="PASS" starttime="20231117 20:52:04.964" endtime="20231117 20:52:05.469"/>
</kw>
<status status="PASS" starttime="20231117 20:52:02.662" endtime="20231117 20:52:05.470"/>
</test>
<test id="s1-s1-t2" name="Click Register Link" line="12">
<kw name="Go To Starting Page" library="resource" type="SETUP">
<kw name="Go To" library="SeleniumLibrary">
<arg>${HOME_URL}</arg>
<doc>Navigates the current browser window to the provided ``url``.</doc>
<msg timestamp="20231117 20:52:05.472" level="INFO">Opening url 'http://localhost:5001'</msg>
<status status="PASS" starttime="20231117 20:52:05.472" endtime="20231117 20:52:06.026"/>
</kw>
<status status="PASS" starttime="20231117 20:52:05.472" endtime="20231117 20:52:06.026"/>
</kw>
<kw name="Click Link" library="SeleniumLibrary">
<arg>Register new user</arg>
<doc>Clicks a link identified by ``locator``.</doc>
<msg timestamp="20231117 20:52:06.027" level="INFO">Clicking link 'Register new user'.</msg>
<status status="PASS" starttime="20231117 20:52:06.026" endtime="20231117 20:52:07.605"/>
</kw>
<kw name="Register Page Should Be Open" library="resource">
<kw name="Title Should Be" library="SeleniumLibrary">
<arg>Register</arg>
<doc>Verifies that the current page title equals ``title``.</doc>
<msg timestamp="20231117 20:52:08.111" level="INFO">Page title is 'Register'.</msg>
<status status="PASS" starttime="20231117 20:52:07.606" endtime="20231117 20:52:08.111"/>
</kw>
<status status="PASS" starttime="20231117 20:52:07.606" endtime="20231117 20:52:08.111"/>
</kw>
<status status="PASS" starttime="20231117 20:52:05.471" endtime="20231117 20:52:08.112"/>
</test>
<kw name="Close Browser" library="SeleniumLibrary" type="TEARDOWN">
<doc>Closes the current browser.</doc>
<status status="PASS" starttime="20231117 20:52:08.113" endtime="20231117 20:52:09.261"/>
</kw>
<status status="PASS" starttime="20231117 20:51:59.932" endtime="20231117 20:52:09.261"/>
</suite>
<suite id="s1-s2" name="Login" source="/home/lehthelj/OhTu/palautusrepositorio/viikko3/web-login/src/tests/login.robot">
<kw name="Open And Configure Browser" library="resource" type="SETUP">
<kw name="Evaluate" library="BuiltIn">
<var>${options}</var>
<arg>sys.modules['selenium.webdriver'].FirefoxOptions()</arg>
<arg>sys</arg>
<doc>Evaluates the given expression in Python and returns the result.</doc>
<msg timestamp="20231117 20:52:09.271" level="INFO">${options} = &lt;selenium.webdriver.firefox.options.Options object at 0x7fea1e4cd6c0&gt;</msg>
<status status="PASS" starttime="20231117 20:52:09.270" endtime="20231117 20:52:09.271"/>
</kw>
<kw name="Call Method" library="BuiltIn">
<arg>${options}</arg>
<arg>add_argument</arg>
<arg>--no-sandbox</arg>
<doc>Calls the named method of the given object with the provided arguments.</doc>
<status status="PASS" starttime="20231117 20:52:09.271" endtime="20231117 20:52:09.271"/>
</kw>
<kw name="Open Browser" library="SeleniumLibrary">
<arg>browser=chrome</arg>
<arg>options=${options}</arg>
<doc>Opens a new browser instance to the optional ``url``.</doc>
<msg timestamp="20231117 20:52:09.272" level="INFO">Opening browser 'chrome' to base url 'None'.</msg>
<status status="PASS" starttime="20231117 20:52:09.271" endtime="20231117 20:52:12.477"/>
</kw>
<kw name="Set Selenium Speed" library="SeleniumLibrary">
<arg>${DELAY}</arg>
<doc>Sets the delay that is waited after each Selenium command.</doc>
<status status="PASS" starttime="20231117 20:52:12.477" endtime="20231117 20:52:12.478"/>
</kw>
<status status="PASS" starttime="20231117 20:52:09.270" endtime="20231117 20:52:12.478"/>
</kw>
<test id="s1-s2-t1" name="Login With Correct Credentials" line="8">
<kw name="Create User And Go To Login Page" type="SETUP">
<kw name="Create User" library="AppLibrary">
<arg>kalle</arg>
<arg>kalle123</arg>
<status status="PASS" starttime="20231117 20:52:12.479" endtime="20231117 20:52:12.494"/>
</kw>
<kw name="Go To Login Page" library="resource">
<kw name="Go To" library="SeleniumLibrary">
<arg>${LOGIN_URL}</arg>
<doc>Navigates the current browser window to the provided ``url``.</doc>
<msg timestamp="20231117 20:52:12.495" level="INFO">Opening url 'http://localhost:5001/login'</msg>
<status status="PASS" starttime="20231117 20:52:12.495" endtime="20231117 20:52:13.080"/>
</kw>
<status status="PASS" starttime="20231117 20:52:12.495" endtime="20231117 20:52:13.080"/>
</kw>
<kw name="Login Page Should Be Open" library="resource">
<kw name="Title Should Be" library="SeleniumLibrary">
<arg>Login</arg>
<doc>Verifies that the current page title equals ``title``.</doc>
<msg timestamp="20231117 20:52:13.583" level="INFO">Page title is 'Login'.</msg>
<status status="PASS" starttime="20231117 20:52:13.081" endtime="20231117 20:52:13.584"/>
</kw>
<status status="PASS" starttime="20231117 20:52:13.080" endtime="20231117 20:52:13.584"/>
</kw>
<status status="PASS" starttime="20231117 20:52:12.479" endtime="20231117 20:52:13.584"/>
</kw>
<kw name="Set Username">
<arg>kalle</arg>
<kw name="Input Text" library="SeleniumLibrary">
<arg>username</arg>
<arg>${username}</arg>
<doc>Types the given ``text`` into the text field identified by ``locator``.</doc>
<msg timestamp="20231117 20:52:13.586" level="INFO">Typing text 'kalle' into text field 'username'.</msg>
<status status="PASS" starttime="20231117 20:52:13.585" endtime="20231117 20:52:15.227"/>
</kw>
<status status="PASS" starttime="20231117 20:52:13.584" endtime="20231117 20:52:15.227"/>
</kw>
<kw name="Set Password">
<arg>kalle123</arg>
<kw name="Input Password" library="SeleniumLibrary">
<arg>password</arg>
<arg>${password}</arg>
<doc>Types the given password into the text field identified by ``locator``.</doc>
<msg timestamp="20231117 20:52:15.229" level="INFO">Typing password into text field 'password'.</msg>
<msg timestamp="20231117 20:52:16.245" level="INFO">Temporally setting log level to: NONE</msg>
<msg timestamp="20231117 20:52:16.762" level="INFO">Log level changed from NONE to INFO.</msg>
<status status="PASS" starttime="20231117 20:52:15.228" endtime="20231117 20:52:16.762"/>
</kw>
<status status="PASS" starttime="20231117 20:52:15.227" endtime="20231117 20:52:16.762"/>
</kw>
<kw name="Submit Credentials">
<kw name="Click Button" library="SeleniumLibrary">
<arg>Login</arg>
<doc>Clicks the button identified by ``locator``.</doc>
<msg timestamp="20231117 20:52:16.764" level="INFO">Clicking button 'Login'.</msg>
<status status="PASS" starttime="20231117 20:52:16.763" endtime="20231117 20:52:18.855"/>
</kw>
<status status="PASS" starttime="20231117 20:52:16.762" endtime="20231117 20:52:18.856"/>
</kw>
<kw name="Login Should Succeed">
<kw name="Main Page Should Be Open" library="resource">
<kw name="Title Should Be" library="SeleniumLibrary">
<arg>Ohtu Application main page</arg>
<doc>Verifies that the current page title equals ``title``.</doc>
<msg timestamp="20231117 20:52:19.361" level="INFO">Page title is 'Ohtu Application main page'.</msg>
<status status="PASS" starttime="20231117 20:52:18.857" endtime="20231117 20:52:19.362"/>
</kw>
<status status="PASS" starttime="20231117 20:52:18.857" endtime="20231117 20:52:19.362"/>
</kw>
<status status="PASS" starttime="20231117 20:52:18.856" endtime="20231117 20:52:19.362"/>
</kw>
<status status="PASS" starttime="20231117 20:52:12.478" endtime="20231117 20:52:19.362"/>
</test>
<test id="s1-s2-t2" name="Login With Incorrect Password" line="14">
<kw name="Create User And Go To Login Page" type="SETUP">
<kw name="Create User" library="AppLibrary">
<arg>kalle</arg>
<arg>kalle123</arg>
<status status="PASS" starttime="20231117 20:52:19.365" endtime="20231117 20:52:19.380"/>
</kw>
<kw name="Go To Login Page" library="resource">
<kw name="Go To" library="SeleniumLibrary">
<arg>${LOGIN_URL}</arg>
<doc>Navigates the current browser window to the provided ``url``.</doc>
<msg timestamp="20231117 20:52:19.381" level="INFO">Opening url 'http://localhost:5001/login'</msg>
<status status="PASS" starttime="20231117 20:52:19.380" endtime="20231117 20:52:19.946"/>
</kw>
<status status="PASS" starttime="20231117 20:52:19.380" endtime="20231117 20:52:19.946"/>
</kw>
<kw name="Login Page Should Be Open" library="resource">
<kw name="Title Should Be" library="SeleniumLibrary">
<arg>Login</arg>
<doc>Verifies that the current page title equals ``title``.</doc>
<msg timestamp="20231117 20:52:20.452" level="INFO">Page title is 'Login'.</msg>
<status status="PASS" starttime="20231117 20:52:19.947" endtime="20231117 20:52:20.452"/>
</kw>
<status status="PASS" starttime="20231117 20:52:19.946" endtime="20231117 20:52:20.452"/>
</kw>
<status status="PASS" starttime="20231117 20:52:19.364" endtime="20231117 20:52:20.452"/>
</kw>
<kw name="Set Username">
<arg>kalle</arg>
<kw name="Input Text" library="SeleniumLibrary">
<arg>username</arg>
<arg>${username}</arg>
<doc>Types the given ``text`` into the text field identified by ``locator``.</doc>
<msg timestamp="20231117 20:52:20.454" level="INFO">Typing text 'kalle' into text field 'username'.</msg>
<status status="PASS" starttime="20231117 20:52:20.453" endtime="20231117 20:52:21.999"/>
</kw>
<status status="PASS" starttime="20231117 20:52:20.453" endtime="20231117 20:52:21.999"/>
</kw>
<kw name="Set Password">
<arg>kalle456</arg>
<kw name="Input Password" library="SeleniumLibrary">
<arg>password</arg>
<arg>${password}</arg>
<doc>Types the given password into the text field identified by ``locator``.</doc>
<msg timestamp="20231117 20:52:22.002" level="INFO">Typing password into text field 'password'.</msg>
<msg timestamp="20231117 20:52:23.016" level="INFO">Temporally setting log level to: NONE</msg>
<msg timestamp="20231117 20:52:23.532" level="INFO">Log level changed from NONE to INFO.</msg>
<status status="PASS" starttime="20231117 20:52:22.001" endtime="20231117 20:52:23.533"/>
</kw>
<status status="PASS" starttime="20231117 20:52:22.000" endtime="20231117 20:52:23.533"/>
</kw>
<kw name="Submit Credentials">
<kw name="Click Button" library="SeleniumLibrary">
<arg>Login</arg>
<doc>Clicks the button identified by ``locator``.</doc>
<msg timestamp="20231117 20:52:23.535" level="INFO">Clicking button 'Login'.</msg>
<status status="PASS" starttime="20231117 20:52:23.534" endtime="20231117 20:52:25.627"/>
</kw>
<status status="PASS" starttime="20231117 20:52:23.533" endtime="20231117 20:52:25.628"/>
</kw>
<kw name="Login Should Fail With Message">
<arg>Invalid username or password</arg>
<kw name="Login Page Should Be Open" library="resource">
<kw name="Title Should Be" library="SeleniumLibrary">
<arg>Login</arg>
<doc>Verifies that the current page title equals ``title``.</doc>
<msg timestamp="20231117 20:52:26.134" level="INFO">Page title is 'Login'.</msg>
<status status="PASS" starttime="20231117 20:52:25.629" endtime="20231117 20:52:26.134"/>
</kw>
<status status="PASS" starttime="20231117 20:52:25.629" endtime="20231117 20:52:26.134"/>
</kw>
<kw name="Page Should Contain" library="SeleniumLibrary">
<arg>${message}</arg>
<doc>Verifies that current page contains ``text``.</doc>
<msg timestamp="20231117 20:52:27.152" level="INFO">Current page contains text 'Invalid username or password'.</msg>
<status status="PASS" starttime="20231117 20:52:26.134" endtime="20231117 20:52:27.152"/>
</kw>
<status status="PASS" starttime="20231117 20:52:25.628" endtime="20231117 20:52:27.152"/>
</kw>
<status status="PASS" starttime="20231117 20:52:19.363" endtime="20231117 20:52:27.152"/>
</test>
<test id="s1-s2-t3" name="Login With Nonexistent Username" line="20">
<kw name="Create User And Go To Login Page" type="SETUP">
<kw name="Create User" library="AppLibrary">
<arg>kalle</arg>
<arg>kalle123</arg>
<status status="PASS" starttime="20231117 20:52:27.154" endtime="20231117 20:52:27.169"/>
</kw>
<kw name="Go To Login Page" library="resource">
<kw name="Go To" library="SeleniumLibrary">
<arg>${LOGIN_URL}</arg>
<doc>Navigates the current browser window to the provided ``url``.</doc>
<msg timestamp="20231117 20:52:27.170" level="INFO">Opening url 'http://localhost:5001/login'</msg>
<status status="PASS" starttime="20231117 20:52:27.170" endtime="20231117 20:52:27.719"/>
</kw>
<status status="PASS" starttime="20231117 20:52:27.170" endtime="20231117 20:52:27.719"/>
</kw>
<kw name="Login Page Should Be Open" library="resource">
<kw name="Title Should Be" library="SeleniumLibrary">
<arg>Login</arg>
<doc>Verifies that the current page title equals ``title``.</doc>
<msg timestamp="20231117 20:52:28.224" level="INFO">Page title is 'Login'.</msg>
<status status="PASS" starttime="20231117 20:52:27.720" endtime="20231117 20:52:28.224"/>
</kw>
<status status="PASS" starttime="20231117 20:52:27.719" endtime="20231117 20:52:28.225"/>
</kw>
<status status="PASS" starttime="20231117 20:52:27.154" endtime="20231117 20:52:28.225"/>
</kw>
<kw name="Set Username">
<arg>moii</arg>
<kw name="Input Text" library="SeleniumLibrary">
<arg>username</arg>
<arg>${username}</arg>
<doc>Types the given ``text`` into the text field identified by ``locator``.</doc>
<msg timestamp="20231117 20:52:28.227" level="INFO">Typing text 'moii' into text field 'username'.</msg>
<status status="PASS" starttime="20231117 20:52:28.226" endtime="20231117 20:52:29.770"/>
</kw>
<status status="PASS" starttime="20231117 20:52:28.225" endtime="20231117 20:52:29.770"/>
</kw>
<kw name="Set Password">
<arg>jeejee123</arg>
<kw name="Input Password" library="SeleniumLibrary">
<arg>password</arg>
<arg>${password}</arg>
<doc>Types the given password into the text field identified by ``locator``.</doc>
<msg timestamp="20231117 20:52:29.772" level="INFO">Typing password into text field 'password'.</msg>
<msg timestamp="20231117 20:52:30.787" level="INFO">Temporally setting log level to: NONE</msg>
<msg timestamp="20231117 20:52:31.304" level="INFO">Log level changed from NONE to INFO.</msg>
<status status="PASS" starttime="20231117 20:52:29.771" endtime="20231117 20:52:31.304"/>
</kw>
<status status="PASS" starttime="20231117 20:52:29.770" endtime="20231117 20:52:31.304"/>
</kw>
<kw name="Submit Credentials">
<kw name="Click Button" library="SeleniumLibrary">
<arg>Login</arg>
<doc>Clicks the button identified by ``locator``.</doc>
<msg timestamp="20231117 20:52:31.306" level="INFO">Clicking button 'Login'.</msg>
<status status="PASS" starttime="20231117 20:52:31.305" endtime="20231117 20:52:33.390"/>
</kw>
<status status="PASS" starttime="20231117 20:52:31.305" endtime="20231117 20:52:33.390"/>
</kw>
<kw name="Login Should Fail With Message">
<arg>Invalid username or password</arg>
<kw name="Login Page Should Be Open" library="resource">
<kw name="Title Should Be" library="SeleniumLibrary">
<arg>Login</arg>
<doc>Verifies that the current page title equals ``title``.</doc>
<msg timestamp="20231117 20:52:33.895" level="INFO">Page title is 'Login'.</msg>
<status status="PASS" starttime="20231117 20:52:33.391" endtime="20231117 20:52:33.896"/>
</kw>
<status status="PASS" starttime="20231117 20:52:33.391" endtime="20231117 20:52:33.896"/>
</kw>
<kw name="Page Should Contain" library="SeleniumLibrary">
<arg>${message}</arg>
<doc>Verifies that current page contains ``text``.</doc>
<msg timestamp="20231117 20:52:34.912" level="INFO">Current page contains text 'Invalid username or password'.</msg>
<status status="PASS" starttime="20231117 20:52:33.896" endtime="20231117 20:52:34.912"/>
</kw>
<status status="PASS" starttime="20231117 20:52:33.390" endtime="20231117 20:52:34.912"/>
</kw>
<status status="PASS" starttime="20231117 20:52:27.153" endtime="20231117 20:52:34.912"/>
</test>
<kw name="Close Browser" library="SeleniumLibrary" type="TEARDOWN">
<doc>Closes the current browser.</doc>
<status status="PASS" starttime="20231117 20:52:34.913" endtime="20231117 20:52:36.060"/>
</kw>
<status status="PASS" starttime="20231117 20:52:09.263" endtime="20231117 20:52:36.060"/>
</suite>
<status status="PASS" starttime="20231117 20:51:59.918" endtime="20231117 20:52:36.063"/>
</suite>
<statistics>
<total>
<stat pass="5" fail="0" skip="0">All Tests</stat>
</total>
<tag>
</tag>
<suite>
<stat pass="5" fail="0" skip="0" id="s1" name="Tests">Tests</stat>
<stat pass="2" fail="0" skip="0" id="s1-s1" name="Home">Tests.Home</stat>
<stat pass="3" fail="0" skip="0" id="s1-s2" name="Login">Tests.Login</stat>
</suite>
</statistics>
<errors>
</errors>
</robot>
