<?xml version="1.0" encoding="UTF-8"?>
<robot generator="Robot 6.1.1 (Python 3.10.12 on linux)" generated="20231117 16:18:59.412" rpa="false" schemaversion="4">
<suite id="s1" name="Tests" source="/home/lehthelj/OhTu/palautusrepositorio/viikko3/login-robot/src/tests">
<suite id="s1-s1" name="Login" source="/home/lehthelj/OhTu/palautusrepositorio/viikko3/login-robot/src/tests/login.robot">
<test id="s1-s1-t1" name="Login With Correct Credentials" line="6">
<kw name="Create User And Input Login Command" type="SETUP">
<kw name="Create User" library="AppLibrary">
<arg>kalle</arg>
<arg>kalle123</arg>
<status status="PASS" starttime="20231117 16:18:59.426" endtime="20231117 16:18:59.427"/>
</kw>
<kw name="Input Login Command" library="resource">
<kw name="Input" library="AppLibrary">
<arg>login</arg>
<status status="PASS" starttime="20231117 16:18:59.427" endtime="20231117 16:18:59.427"/>
</kw>
<status status="PASS" starttime="20231117 16:18:59.427" endtime="20231117 16:18:59.427"/>
</kw>
<status status="PASS" starttime="20231117 16:18:59.426" endtime="20231117 16:18:59.427"/>
</kw>
<kw name="Input Credentials" library="resource">
<arg>kalle</arg>
<arg>kalle123</arg>
<kw name="Input" library="AppLibrary">
<arg>${username}</arg>
<status status="PASS" starttime="20231117 16:18:59.427" endtime="20231117 16:18:59.427"/>
</kw>
<kw name="Input" library="AppLibrary">
<arg>${password}</arg>
<status status="PASS" starttime="20231117 16:18:59.427" endtime="20231117 16:18:59.427"/>
</kw>
<kw name="Run Application" library="AppLibrary">
<status status="PASS" starttime="20231117 16:18:59.428" endtime="20231117 16:18:59.428"/>
</kw>
<status status="PASS" starttime="20231117 16:18:59.427" endtime="20231117 16:18:59.428"/>
</kw>
<kw name="Output Should Contain" library="AppLibrary">
<arg>Logged in</arg>
<status status="PASS" starttime="20231117 16:18:59.428" endtime="20231117 16:18:59.428"/>
</kw>
<status status="PASS" starttime="20231117 16:18:59.426" endtime="20231117 16:18:59.428"/>
</test>
<test id="s1-s1-t2" name="Login With Incorrect Password" line="10">
<kw name="Create User And Input Login Command" type="SETUP">
<kw name="Create User" library="AppLibrary">
<arg>kalle</arg>
<arg>kalle123</arg>
<status status="PASS" starttime="20231117 16:18:59.428" endtime="20231117 16:18:59.428"/>
</kw>
<kw name="Input Login Command" library="resource">
<kw name="Input" library="AppLibrary">
<arg>login</arg>
<status status="PASS" starttime="20231117 16:18:59.429" endtime="20231117 16:18:59.429"/>
</kw>
<status status="PASS" starttime="20231117 16:18:59.428" endtime="20231117 16:18:59.429"/>
</kw>
<status status="PASS" starttime="20231117 16:18:59.428" endtime="20231117 16:18:59.429"/>
</kw>
<kw name="Input Credentials" library="resource">
<arg>kalle</arg>
<arg>kalle111</arg>
<kw name="Input" library="AppLibrary">
<arg>${username}</arg>
<status status="PASS" starttime="20231117 16:18:59.429" endtime="20231117 16:18:59.429"/>
</kw>
<kw name="Input" library="AppLibrary">
<arg>${password}</arg>
<status status="PASS" starttime="20231117 16:18:59.429" endtime="20231117 16:18:59.429"/>
</kw>
<kw name="Run Application" library="AppLibrary">
<status status="PASS" starttime="20231117 16:18:59.429" endtime="20231117 16:18:59.429"/>
</kw>
<status status="PASS" starttime="20231117 16:18:59.429" endtime="20231117 16:18:59.429"/>
</kw>
<kw name="Output Should Contain" library="AppLibrary">
<arg>Invalid username or password</arg>
<status status="PASS" starttime="20231117 16:18:59.429" endtime="20231117 16:18:59.429"/>
</kw>
<status status="PASS" starttime="20231117 16:18:59.428" endtime="20231117 16:18:59.429"/>
</test>
<test id="s1-s1-t3" name="Login With Nonexistent username" line="14">
<kw name="Create User And Input Login Command" type="SETUP">
<kw name="Create User" library="AppLibrary">
<arg>kalle</arg>
<arg>kalle123</arg>
<status status="PASS" starttime="20231117 16:18:59.430" endtime="20231117 16:18:59.430"/>
</kw>
<kw name="Input Login Command" library="resource">
<kw name="Input" library="AppLibrary">
<arg>login</arg>
<status status="PASS" starttime="20231117 16:18:59.430" endtime="20231117 16:18:59.430"/>
</kw>
<status status="PASS" starttime="20231117 16:18:59.430" endtime="20231117 16:18:59.430"/>
</kw>
<status status="PASS" starttime="20231117 16:18:59.430" endtime="20231117 16:18:59.430"/>
</kw>
<kw name="Input Credentials" library="resource">
<arg>k</arg>
<arg>kalle123</arg>
<kw name="Input" library="AppLibrary">
<arg>${username}</arg>
<status status="PASS" starttime="20231117 16:18:59.430" endtime="20231117 16:18:59.430"/>
</kw>
<kw name="Input" library="AppLibrary">
<arg>${password}</arg>
<status status="PASS" starttime="20231117 16:18:59.430" endtime="20231117 16:18:59.430"/>
</kw>
<kw name="Run Application" library="AppLibrary">
<status status="PASS" starttime="20231117 16:18:59.431" endtime="20231117 16:18:59.431"/>
</kw>
<status status="PASS" starttime="20231117 16:18:59.430" endtime="20231117 16:18:59.431"/>
</kw>
<kw name="Output Should Contain" library="AppLibrary">
<arg>Invalid username or password</arg>
<status status="PASS" starttime="20231117 16:18:59.431" endtime="20231117 16:18:59.431"/>
</kw>
<status status="PASS" starttime="20231117 16:18:59.429" endtime="20231117 16:18:59.431"/>
</test>
<status status="PASS" starttime="20231117 16:18:59.423" endtime="20231117 16:18:59.431"/>
</suite>
<suite id="s1-s2" name="Register" source="/home/lehthelj/OhTu/palautusrepositorio/viikko3/login-robot/src/tests/register.robot">
<test id="s1-s2-t1" name="Register With Valid Username And Password" line="6">
<kw name="Create User And Input Register Command" type="SETUP">
<kw name="Create User" library="AppLibrary">
<arg>jeee</arg>
<arg>jee1132323</arg>
<status status="PASS" starttime="20231117 16:18:59.433" endtime="20231117 16:18:59.433"/>
</kw>
<kw name="Input Register Command" library="resource">
<kw name="Input" library="AppLibrary">
<arg>new</arg>
<status status="PASS" starttime="20231117 16:18:59.433" endtime="20231117 16:18:59.433"/>
</kw>
<status status="PASS" starttime="20231117 16:18:59.433" endtime="20231117 16:18:59.433"/>
</kw>
<status status="PASS" starttime="20231117 16:18:59.433" endtime="20231117 16:18:59.433"/>
</kw>
<kw name="Input Credentials" library="resource">
<arg>joujee</arg>
<arg>hi123478238372</arg>
<kw name="Input" library="AppLibrary">
<arg>${username}</arg>
<status status="PASS" starttime="20231117 16:18:59.433" endtime="20231117 16:18:59.434"/>
</kw>
<kw name="Input" library="AppLibrary">
<arg>${password}</arg>
<status status="PASS" starttime="20231117 16:18:59.434" endtime="20231117 16:18:59.434"/>
</kw>
<kw name="Run Application" library="AppLibrary">
<status status="PASS" starttime="20231117 16:18:59.434" endtime="20231117 16:18:59.434"/>
</kw>
<status status="PASS" starttime="20231117 16:18:59.433" endtime="20231117 16:18:59.434"/>
</kw>
<kw name="Output Should Contain" library="AppLibrary">
<arg>New user registered</arg>
<status status="PASS" starttime="20231117 16:18:59.434" endtime="20231117 16:18:59.434"/>
</kw>
<status status="PASS" starttime="20231117 16:18:59.433" endtime="20231117 16:18:59.434"/>
</test>
<test id="s1-s2-t2" name="Register With Already Taken Username And Valid Password" line="10">
<kw name="Create User And Input Register Command" type="SETUP">
<kw name="Create User" library="AppLibrary">
<arg>jeee</arg>
<arg>jee1132323</arg>
<status status="PASS" starttime="20231117 16:18:59.434" endtime="20231117 16:18:59.434"/>
</kw>
<kw name="Input Register Command" library="resource">
<kw name="Input" library="AppLibrary">
<arg>new</arg>
<status status="PASS" starttime="20231117 16:18:59.435" endtime="20231117 16:18:59.435"/>
</kw>
<status status="PASS" starttime="20231117 16:18:59.435" endtime="20231117 16:18:59.435"/>
</kw>
<status status="PASS" starttime="20231117 16:18:59.434" endtime="20231117 16:18:59.435"/>
</kw>
<kw name="Input Credentials" library="resource">
<arg>jeee</arg>
<arg>hi12344282498</arg>
<kw name="Input" library="AppLibrary">
<arg>${username}</arg>
<status status="PASS" starttime="20231117 16:18:59.435" endtime="20231117 16:18:59.435"/>
</kw>
<kw name="Input" library="AppLibrary">
<arg>${password}</arg>
<status status="PASS" starttime="20231117 16:18:59.435" endtime="20231117 16:18:59.435"/>
</kw>
<kw name="Run Application" library="AppLibrary">
<status status="PASS" starttime="20231117 16:18:59.435" endtime="20231117 16:18:59.435"/>
</kw>
<status status="PASS" starttime="20231117 16:18:59.435" endtime="20231117 16:18:59.435"/>
</kw>
<kw name="Output Should Contain" library="AppLibrary">
<arg>User with username jeee already exists</arg>
<status status="PASS" starttime="20231117 16:18:59.436" endtime="20231117 16:18:59.436"/>
</kw>
<status status="PASS" starttime="20231117 16:18:59.434" endtime="20231117 16:18:59.436"/>
</test>
<test id="s1-s2-t3" name="Register With Too Short Username And Valid Password" line="14">
<kw name="Create User And Input Register Command" type="SETUP">
<kw name="Create User" library="AppLibrary">
<arg>jeee</arg>
<arg>jee1132323</arg>
<status status="PASS" starttime="20231117 16:18:59.436" endtime="20231117 16:18:59.436"/>
</kw>
<kw name="Input Register Command" library="resource">
<kw name="Input" library="AppLibrary">
<arg>new</arg>
<status status="PASS" starttime="20231117 16:18:59.437" endtime="20231117 16:18:59.437"/>
</kw>
<status status="PASS" starttime="20231117 16:18:59.436" endtime="20231117 16:18:59.437"/>
</kw>
<status status="PASS" starttime="20231117 16:18:59.436" endtime="20231117 16:18:59.437"/>
</kw>
<kw name="Input Credentials" library="resource">
<arg>l</arg>
<arg>hi1234moi</arg>
<kw name="Input" library="AppLibrary">
<arg>${username}</arg>
<status status="PASS" starttime="20231117 16:18:59.437" endtime="20231117 16:18:59.437"/>
</kw>
<kw name="Input" library="AppLibrary">
<arg>${password}</arg>
<status status="PASS" starttime="20231117 16:18:59.437" endtime="20231117 16:18:59.437"/>
</kw>
<kw name="Run Application" library="AppLibrary">
<status status="PASS" starttime="20231117 16:18:59.437" endtime="20231117 16:18:59.437"/>
</kw>
<status status="PASS" starttime="20231117 16:18:59.437" endtime="20231117 16:18:59.437"/>
</kw>
<kw name="Output Should Contain" library="AppLibrary">
<arg>Username must be at least 3 characters</arg>
<status status="PASS" starttime="20231117 16:18:59.437" endtime="20231117 16:18:59.437"/>
</kw>
<status status="PASS" starttime="20231117 16:18:59.436" endtime="20231117 16:18:59.437"/>
</test>
<test id="s1-s2-t4" name="Register With Enough Long But Invalid Username And Valid Password" line="18">
<kw name="Create User And Input Register Command" type="SETUP">
<kw name="Create User" library="AppLibrary">
<arg>jeee</arg>
<arg>jee1132323</arg>
<status status="PASS" starttime="20231117 16:18:59.438" endtime="20231117 16:18:59.438"/>
</kw>
<kw name="Input Register Command" library="resource">
<kw name="Input" library="AppLibrary">
<arg>new</arg>
<status status="PASS" starttime="20231117 16:18:59.438" endtime="20231117 16:18:59.438"/>
</kw>
<status status="PASS" starttime="20231117 16:18:59.438" endtime="20231117 16:18:59.438"/>
</kw>
<status status="PASS" starttime="20231117 16:18:59.438" endtime="20231117 16:18:59.438"/>
</kw>
<kw name="Input Credentials" library="resource">
<arg>long123</arg>
<arg>hi1234moi</arg>
<kw name="Input" library="AppLibrary">
<arg>${username}</arg>
<status status="PASS" starttime="20231117 16:18:59.438" endtime="20231117 16:18:59.439"/>
</kw>
<kw name="Input" library="AppLibrary">
<arg>${password}</arg>
<status status="PASS" starttime="20231117 16:18:59.439" endtime="20231117 16:18:59.439"/>
</kw>
<kw name="Run Application" library="AppLibrary">
<status status="PASS" starttime="20231117 16:18:59.439" endtime="20231117 16:18:59.439"/>
</kw>
<status status="PASS" starttime="20231117 16:18:59.438" endtime="20231117 16:18:59.439"/>
</kw>
<kw name="Output Should Contain" library="AppLibrary">
<arg>Username can only include a-z</arg>
<status status="PASS" starttime="20231117 16:18:59.439" endtime="20231117 16:18:59.439"/>
</kw>
<status status="PASS" starttime="20231117 16:18:59.438" endtime="20231117 16:18:59.439"/>
</test>
<test id="s1-s2-t5" name="Register With Valid Username And Too Short Password" line="22">
<kw name="Create User And Input Register Command" type="SETUP">
<kw name="Create User" library="AppLibrary">
<arg>jeee</arg>
<arg>jee1132323</arg>
<status status="PASS" starttime="20231117 16:18:59.439" endtime="20231117 16:18:59.440"/>
</kw>
<kw name="Input Register Command" library="resource">
<kw name="Input" library="AppLibrary">
<arg>new</arg>
<status status="PASS" starttime="20231117 16:18:59.440" endtime="20231117 16:18:59.440"/>
</kw>
<status status="PASS" starttime="20231117 16:18:59.440" endtime="20231117 16:18:59.440"/>
</kw>
<status status="PASS" starttime="20231117 16:18:59.439" endtime="20231117 16:18:59.440"/>
</kw>
<kw name="Input Credentials" library="resource">
<arg>jeejee</arg>
<arg>k1</arg>
<kw name="Input" library="AppLibrary">
<arg>${username}</arg>
<status status="PASS" starttime="20231117 16:18:59.440" endtime="20231117 16:18:59.440"/>
</kw>
<kw name="Input" library="AppLibrary">
<arg>${password}</arg>
<status status="PASS" starttime="20231117 16:18:59.440" endtime="20231117 16:18:59.440"/>
</kw>
<kw name="Run Application" library="AppLibrary">
<status status="PASS" starttime="20231117 16:18:59.440" endtime="20231117 16:18:59.440"/>
</kw>
<status status="PASS" starttime="20231117 16:18:59.440" endtime="20231117 16:18:59.440"/>
</kw>
<kw name="Output Should Contain" library="AppLibrary">
<arg>Password must be at least 8 characters</arg>
<status status="PASS" starttime="20231117 16:18:59.440" endtime="20231117 16:18:59.441"/>
</kw>
<status status="PASS" starttime="20231117 16:18:59.439" endtime="20231117 16:18:59.441"/>
</test>
<test id="s1-s2-t6" name="Register With Valid Username And Long Enough Password Containing Only Letters" line="26">
<kw name="Create User And Input Register Command" type="SETUP">
<kw name="Create User" library="AppLibrary">
<arg>jeee</arg>
<arg>jee1132323</arg>
<status status="PASS" starttime="20231117 16:18:59.441" endtime="20231117 16:18:59.441"/>
</kw>
<kw name="Input Register Command" library="resource">
<kw name="Input" library="AppLibrary">
<arg>new</arg>
<status status="PASS" starttime="20231117 16:18:59.441" endtime="20231117 16:18:59.441"/>
</kw>
<status status="PASS" starttime="20231117 16:18:59.441" endtime="20231117 16:18:59.442"/>
</kw>
<status status="PASS" starttime="20231117 16:18:59.441" endtime="20231117 16:18:59.442"/>
</kw>
<kw name="Input Credentials" library="resource">
<arg>jeejee</arg>
<arg>khehfieifa</arg>
<kw name="Input" library="AppLibrary">
<arg>${username}</arg>
<status status="PASS" starttime="20231117 16:18:59.442" endtime="20231117 16:18:59.442"/>
</kw>
<kw name="Input" library="AppLibrary">
<arg>${password}</arg>
<status status="PASS" starttime="20231117 16:18:59.442" endtime="20231117 16:18:59.442"/>
</kw>
<kw name="Run Application" library="AppLibrary">
<status status="PASS" starttime="20231117 16:18:59.442" endtime="20231117 16:18:59.442"/>
</kw>
<status status="PASS" starttime="20231117 16:18:59.442" endtime="20231117 16:18:59.442"/>
</kw>
<kw name="Output Should Contain" library="AppLibrary">
<arg>Password must include special characters</arg>
<status status="PASS" starttime="20231117 16:18:59.442" endtime="20231117 16:18:59.442"/>
</kw>
<status status="PASS" starttime="20231117 16:18:59.441" endtime="20231117 16:18:59.442"/>
</test>
<status status="PASS" starttime="20231117 16:18:59.431" endtime="20231117 16:18:59.443"/>
</suite>
<status status="PASS" starttime="20231117 16:18:59.413" endtime="20231117 16:18:59.443"/>
</suite>
<statistics>
<total>
<stat pass="9" fail="0" skip="0">All Tests</stat>
</total>
<tag>
</tag>
<suite>
<stat pass="9" fail="0" skip="0" id="s1" name="Tests">Tests</stat>
<stat pass="3" fail="0" skip="0" id="s1-s1" name="Login">Tests.Login</stat>
<stat pass="6" fail="0" skip="0" id="s1-s2" name="Register">Tests.Register</stat>
</suite>
</statistics>
<errors>
</errors>
</robot>
